<html>
<head>
<title>TestNG:  Test</title>
<link href="../testng.css" rel="stylesheet" type="text/css" />
<link href="../my-testng.css" rel="stylesheet" type="text/css" />

<style type="text/css">
.log { display: none;} 
.stack-trace { display: none;} 
</style>
<script type="text/javascript">
<!--
function flip(e) {
  current = e.style.display;
  if (current == 'block') {
    e.style.display = 'none';
    return 0;
  }
  else {
    e.style.display = 'block';
    return 1;
  }
}

function toggleBox(szDivId, elem, msg1, msg2)
{
  var res = -1;  if (document.getElementById) {
    res = flip(document.getElementById(szDivId));
  }
  else if (document.all) {
    // this is the way old msie versions work
    res = flip(document.all[szDivId]);
  }
  if(elem) {
    if(res == 0) elem.innerHTML = msg1; else elem.innerHTML = msg2;
  }

}

function toggleAllBoxes() {
  if (document.getElementsByTagName) {
    d = document.getElementsByTagName('div');
    for (i = 0; i < d.length; i++) {
      if (d[i].className == 'log') {
        flip(d[i]);
      }
    }
  }
}

// -->
</script>

</head>
<body>
<h2 align='center'>Test</h2><table border='1' align="center">
<tr>
<<<<<<< HEAD
<td>Tests passed/Failed/Skipped:</td><td>57/1/5</td>
</tr><tr>
<td>Started on:</td><td>Thu May 22 16:29:20 IST 2025</td>
</tr>
<tr><td>Total time:</td><td>3066 seconds (3066379 ms)</td>
=======
<td>Tests passed/Failed/Skipped:</td><td>0/0/6</td>
</tr><tr>
<td>Started on:</td><td>Sun May 04 22:21:59 IST 2025</td>
</tr>
<tr><td>Total time:</td><td>55 seconds (55568 ms)</td>
>>>>>>> fc9139160fa8997a38dbc6a92c4d76744cdb234e
</tr><tr>
<td>Included groups:</td><td></td>
</tr><tr>
<td>Excluded groups:</td><td></td>
</tr>
</table><p/>
<small><i>(Hover the method name to see the test class name)</i></small><p/>
<table width='100%' border='1' class='invocation-failed'>
<tr><td colspan='4' align='center'><b>FAILED CONFIGURATIONS</b></td></tr>
<tr><td><b>Test method</b></td>
<td><b>Attribute(s)</b></td>
<td width="30%"><b>Exception</b></td>
<td width="10%"><b>Time (seconds)</b></td>
<td><b>Instance</b></td>
</tr>
<tr>
<<<<<<< HEAD
<td title='com.nspl.agingoptions.financepage.testcases.TaxInfoTestCases.FTC_036_PrimaryMemberInputTax2023SaveAndProceedToSpouseBT()'><b>FTC_036_PrimaryMemberInputTax2023SaveAndProceedToSpouseBT</b><br>Test class: com.nspl.agingoptions.financepage.testcases.TaxInfoTestCases</td>
<td><div><pre>org.openqa.selenium.NoSuchElementException: no such element: Unable to locate element: {&quot;method&quot;:&quot;xpath&quot;,&quot;selector&quot;:&quot;//li[contains(text(),&apos;2023&apos;)]&quot;}
  (Session info: chrome=136.0.7103.114)
For documentation on this error, please visit: https://www.selenium.dev/documentation/webdriver/troubleshooting/errors#no-such-element-exception
Build info: version: &apos;4.16.1&apos;, revision: &apos;9b4c83354e&apos;
System info: os.name: &apos;Windows 10&apos;, os.arch: &apos;amd64&apos;, os.version: &apos;10.0&apos;, java.version: &apos;17.0.12&apos;
Driver info: org.openqa.selenium.chrome.ChromeDriver
Command: [28a448206b32bd527af4aa73b346ec89, findElement {using=xpath, value=//li[contains(text(),&apos;2023&apos;)]}]
Capabilities {acceptInsecureCerts: false, browserName: chrome, browserVersion: 136.0.7103.114, chrome: {chromedriverVersion: 135.0.7049.95 (de2eb485a195..., userDataDir: C:\Users\AO\AppData\Local\T...}, fedcm:accounts: true, goog:chromeOptions: {debuggerAddress: localhost:53778}, networkConnectionEnabled: false, pageLoadStrategy: normal, platformName: windows, proxy: Proxy(), se:cdp: ws://localhost:53778/devtoo..., se:cdpVersion: 136.0.7103.114, setWindowRect: true, strictFileInteractability: false, timeouts: {implicit: 0, pageLoad: 300000, script: 30000}, unhandledPromptBehavior: dismiss and notify, webauthn:extension:credBlob: true, webauthn:extension:largeBlob: true, webauthn:extension:minPinLength: true, webauthn:extension:prf: true, webauthn:virtualAuthenticators: true}
Session ID: 28a448206b32bd527af4aa73b346ec89
	at org.openqa.selenium.remote.codec.w3c.W3CHttpResponseCodec.createException(W3CHttpResponseCodec.java:200)
	at org.openqa.selenium.remote.codec.w3c.W3CHttpResponseCodec.decode(W3CHttpResponseCodec.java:133)
	at org.openqa.selenium.remote.codec.w3c.W3CHttpResponseCodec.decode(W3CHttpResponseCodec.java:52)
	at org.openqa.selenium.remote.HttpCommandExecutor.execute(HttpCommandExecutor.java:191)
	at org.openqa.selenium.remote.service.DriverCommandExecutor.invokeExecute(DriverCommandExecutor.java:200)
	at org.openqa.selenium.remote.service.DriverCommandExecutor.execute(DriverCommandExecutor.java:175)
	at org.openqa.selenium.remote.RemoteWebDriver.execute(RemoteWebDriver.java:523)
	at org.openqa.selenium.remote.ElementLocation$ElementFinder$2.findElement(ElementLocation.java:165)
=======
<td title='com.nspl.LegalInfoTestScript.PreviousLagalDocumentTestCases.beforeTest()'><b>beforeTest</b><br>Test class: com.nspl.LegalInfoTestScript.PreviousLagalDocumentTestCases</td>
<td><div><pre>org.openqa.selenium.NoSuchElementException: Unable to find element with locator By.xpath: (//div[@class=&apos;NewRegImg mt-lg-0&apos;])[1]//img
For documentation on this error, please visit: https://www.selenium.dev/documentation/webdriver/troubleshooting/errors#no-such-element-exception
Build info: version: &apos;4.16.1&apos;, revision: &apos;9b4c83354e&apos;
System info: os.name: &apos;Windows 11&apos;, os.arch: &apos;amd64&apos;, os.version: &apos;10.0&apos;, java.version: &apos;17.0.12&apos;
Driver info: driver.version: RemoteWebDriver
	at org.openqa.selenium.remote.ElementLocation$ElementFinder$2.findElement(ElementLocation.java:168)
>>>>>>> fc9139160fa8997a38dbc6a92c4d76744cdb234e
	at org.openqa.selenium.remote.ElementLocation.findElement(ElementLocation.java:59)
	at org.openqa.selenium.remote.RemoteWebDriver.findElement(RemoteWebDriver.java:360)
	at org.openqa.selenium.remote.RemoteWebDriver.findElement(RemoteWebDriver.java:354)
	at org.openqa.selenium.support.pagefactory.DefaultElementLocator.findElement(DefaultElementLocator.java:68)
	at org.openqa.selenium.support.pagefactory.internal.LocatingElementHandler.invoke(LocatingElementHandler.java:38)
	at jdk.proxy2/jdk.proxy2.$Proxy20.click(Unknown Source)
<<<<<<< HEAD
	at com.nspl.agingoptions.webUtil.WebUtil.click(WebUtil.java:330)
	at com.agingoptions.finance.TaxInformation.select2023(TaxInformation.java:119)
	at com.nspl.agingoptions.financepage.testcases.TaxInfoTestCases.FTC_036_PrimaryMemberInputTax2023SaveAndProceedToSpouseBT(TaxInfoTestCases.java:92)
	at java.base/java.util.ArrayList.forEach(ArrayList.java:1511)
... Removed 32 stack frames</pre></div><a href='#' onClick='toggleBox("stack-trace2071009081", this, "Click to show all stack frames", "Click to hide stack frames")'>Click to show all stack frames</a>
<div class='stack-trace' id='stack-trace2071009081'><pre>org.openqa.selenium.NoSuchElementException: no such element: Unable to locate element: {&quot;method&quot;:&quot;xpath&quot;,&quot;selector&quot;:&quot;//li[contains(text(),&apos;2023&apos;)]&quot;}
  (Session info: chrome=136.0.7103.114)
For documentation on this error, please visit: https://www.selenium.dev/documentation/webdriver/troubleshooting/errors#no-such-element-exception
Build info: version: &apos;4.16.1&apos;, revision: &apos;9b4c83354e&apos;
System info: os.name: &apos;Windows 10&apos;, os.arch: &apos;amd64&apos;, os.version: &apos;10.0&apos;, java.version: &apos;17.0.12&apos;
Driver info: org.openqa.selenium.chrome.ChromeDriver
Command: [28a448206b32bd527af4aa73b346ec89, findElement {using=xpath, value=//li[contains(text(),&apos;2023&apos;)]}]
Capabilities {acceptInsecureCerts: false, browserName: chrome, browserVersion: 136.0.7103.114, chrome: {chromedriverVersion: 135.0.7049.95 (de2eb485a195..., userDataDir: C:\Users\AO\AppData\Local\T...}, fedcm:accounts: true, goog:chromeOptions: {debuggerAddress: localhost:53778}, networkConnectionEnabled: false, pageLoadStrategy: normal, platformName: windows, proxy: Proxy(), se:cdp: ws://localhost:53778/devtoo..., se:cdpVersion: 136.0.7103.114, setWindowRect: true, strictFileInteractability: false, timeouts: {implicit: 0, pageLoad: 300000, script: 30000}, unhandledPromptBehavior: dismiss and notify, webauthn:extension:credBlob: true, webauthn:extension:largeBlob: true, webauthn:extension:minPinLength: true, webauthn:extension:prf: true, webauthn:virtualAuthenticators: true}
Session ID: 28a448206b32bd527af4aa73b346ec89
	at java.base/jdk.internal.reflect.NativeConstructorAccessorImpl.newInstance0(Native Method)
	at java.base/jdk.internal.reflect.NativeConstructorAccessorImpl.newInstance(NativeConstructorAccessorImpl.java:77)
	at java.base/jdk.internal.reflect.DelegatingConstructorAccessorImpl.newInstance(DelegatingConstructorAccessorImpl.java:45)
	at java.base/java.lang.reflect.Constructor.newInstanceWithCaller(Constructor.java:499)
	at java.base/java.lang.reflect.Constructor.newInstance(Constructor.java:480)
	at org.openqa.selenium.remote.codec.w3c.W3CHttpResponseCodec.createException(W3CHttpResponseCodec.java:200)
	at org.openqa.selenium.remote.codec.w3c.W3CHttpResponseCodec.decode(W3CHttpResponseCodec.java:133)
	at org.openqa.selenium.remote.codec.w3c.W3CHttpResponseCodec.decode(W3CHttpResponseCodec.java:52)
	at org.openqa.selenium.remote.HttpCommandExecutor.execute(HttpCommandExecutor.java:191)
	at org.openqa.selenium.remote.service.DriverCommandExecutor.invokeExecute(DriverCommandExecutor.java:200)
	at org.openqa.selenium.remote.service.DriverCommandExecutor.execute(DriverCommandExecutor.java:175)
	at org.openqa.selenium.remote.RemoteWebDriver.execute(RemoteWebDriver.java:523)
	at org.openqa.selenium.remote.ElementLocation$ElementFinder$2.findElement(ElementLocation.java:165)
=======
	at com.nspl.agingoptions.webUtil.WebUtil.click(WebUtil.java:335)
	at com.nspl.agingoptions.commoncode.CommonCode.createLifePlanningUser(CommonCode.java:96)
	at com.nspl.agingoptions.commoncode.CommonCode.LoginWithNewMarriedUser(CommonCode.java:146)
	at com.nspl.agingoptions.webUtil.BaseTest.beforeTest(BaseTest.java:52)
... Removed 24 stack frames</pre></div><a href='#' onClick='toggleBox("stack-trace127702987", this, "Click to show all stack frames", "Click to hide stack frames")'>Click to show all stack frames</a>
<div class='stack-trace' id='stack-trace127702987'><pre>org.openqa.selenium.NoSuchElementException: Unable to find element with locator By.xpath: (//div[@class=&apos;NewRegImg mt-lg-0&apos;])[1]//img
For documentation on this error, please visit: https://www.selenium.dev/documentation/webdriver/troubleshooting/errors#no-such-element-exception
Build info: version: &apos;4.16.1&apos;, revision: &apos;9b4c83354e&apos;
System info: os.name: &apos;Windows 11&apos;, os.arch: &apos;amd64&apos;, os.version: &apos;10.0&apos;, java.version: &apos;17.0.12&apos;
Driver info: driver.version: RemoteWebDriver
	at org.openqa.selenium.remote.ElementLocation$ElementFinder$2.findElement(ElementLocation.java:168)
>>>>>>> fc9139160fa8997a38dbc6a92c4d76744cdb234e
	at org.openqa.selenium.remote.ElementLocation.findElement(ElementLocation.java:59)
	at org.openqa.selenium.remote.RemoteWebDriver.findElement(RemoteWebDriver.java:360)
	at org.openqa.selenium.remote.RemoteWebDriver.findElement(RemoteWebDriver.java:354)
	at org.openqa.selenium.support.pagefactory.DefaultElementLocator.findElement(DefaultElementLocator.java:68)
	at org.openqa.selenium.support.pagefactory.internal.LocatingElementHandler.invoke(LocatingElementHandler.java:38)
	at jdk.proxy2/jdk.proxy2.$Proxy20.click(Unknown Source)
<<<<<<< HEAD
	at com.nspl.agingoptions.webUtil.WebUtil.click(WebUtil.java:330)
	at com.agingoptions.finance.TaxInformation.select2023(TaxInformation.java:119)
	at com.nspl.agingoptions.financepage.testcases.TaxInfoTestCases.FTC_036_PrimaryMemberInputTax2023SaveAndProceedToSpouseBT(TaxInfoTestCases.java:92)
=======
	at com.nspl.agingoptions.webUtil.WebUtil.click(WebUtil.java:335)
	at com.nspl.agingoptions.commoncode.CommonCode.createLifePlanningUser(CommonCode.java:96)
	at com.nspl.agingoptions.commoncode.CommonCode.LoginWithNewMarriedUser(CommonCode.java:146)
	at com.nspl.agingoptions.webUtil.BaseTest.beforeTest(BaseTest.java:52)
>>>>>>> fc9139160fa8997a38dbc6a92c4d76744cdb234e
	at java.base/jdk.internal.reflect.NativeMethodAccessorImpl.invoke0(Native Method)
	at java.base/jdk.internal.reflect.NativeMethodAccessorImpl.invoke(NativeMethodAccessorImpl.java:77)
	at java.base/jdk.internal.reflect.DelegatingMethodAccessorImpl.invoke(DelegatingMethodAccessorImpl.java:43)
	at java.base/java.lang.reflect.Method.invoke(Method.java:568)
	at org.testng.internal.invokers.MethodInvocationHelper.invokeMethod(MethodInvocationHelper.java:141)
<<<<<<< HEAD
	at org.testng.internal.invokers.TestInvoker.invokeMethod(TestInvoker.java:687)
	at org.testng.internal.invokers.TestInvoker.retryFailed(TestInvoker.java:269)
	at org.testng.internal.invokers.MethodRunner.runInSequence(MethodRunner.java:76)
	at org.testng.internal.invokers.TestInvoker$MethodInvocationAgent.invoke(TestInvoker.java:995)
	at org.testng.internal.invokers.TestInvoker.invokeTestMethods(TestInvoker.java:203)
	at org.testng.internal.invokers.TestMethodWorker.invokeTestMethods(TestMethodWorker.java:154)
	at org.testng.internal.invokers.TestMethodWorker.run(TestMethodWorker.java:134)
	at java.base/java.util.ArrayList.forEach(ArrayList.java:1511)
	at org.testng.TestRunner.privateRun(TestRunner.java:741)
	at org.testng.TestRunner.run(TestRunner.java:616)
=======
	at org.testng.internal.invokers.MethodInvocationHelper.invokeMethodConsideringTimeout(MethodInvocationHelper.java:71)
	at org.testng.internal.invokers.ConfigInvoker.invokeConfigurationMethod(ConfigInvoker.java:400)
	at org.testng.internal.invokers.ConfigInvoker.invokeConfigurations(ConfigInvoker.java:333)
	at org.testng.TestRunner.invokeTestConfigurations(TestRunner.java:655)
	at org.testng.TestRunner.beforeRun(TestRunner.java:644)
	at org.testng.TestRunner.run(TestRunner.java:610)
>>>>>>> fc9139160fa8997a38dbc6a92c4d76744cdb234e
	at org.testng.SuiteRunner.runTest(SuiteRunner.java:421)
	at org.testng.SuiteRunner.runSequentially(SuiteRunner.java:413)
	at org.testng.SuiteRunner.privateRun(SuiteRunner.java:373)
	at org.testng.SuiteRunner.run(SuiteRunner.java:312)
	at org.testng.SuiteRunnerWorker.runSuite(SuiteRunnerWorker.java:52)
	at org.testng.SuiteRunnerWorker.run(SuiteRunnerWorker.java:95)
	at org.testng.TestNG.runSuitesSequentially(TestNG.java:1274)
	at org.testng.TestNG.runSuitesLocally(TestNG.java:1208)
	at org.testng.TestNG.runSuites(TestNG.java:1112)
	at org.testng.TestNG.run(TestNG.java:1079)
	at org.testng.remote.AbstractRemoteTestNG.run(AbstractRemoteTestNG.java:115)
	at org.testng.remote.RemoteTestNG.initAndRun(RemoteTestNG.java:293)
	at org.testng.remote.RemoteTestNG.main(RemoteTestNG.java:91)
</pre></div></td>
<<<<<<< HEAD
<td>51</td>
<td>com.nspl.agingoptions.financepage.testcases.TaxInfoTestCases@37883b97</td></tr>
=======
<td>55</td>
<td>com.nspl.LegalInfoTestScript.PreviousLagalDocumentTestCases@b2c9a9c</td></tr>
>>>>>>> fc9139160fa8997a38dbc6a92c4d76744cdb234e
</table><p>
<table width='100%' border='1' class='invocation-skipped'>
<tr><td colspan='4' align='center'><b>SKIPPED CONFIGURATIONS</b></td></tr>
<tr><td><b>Test method</b></td>
<td><b>Attribute(s)</b></td>
<td width="30%"><b>Exception</b></td>
<td width="10%"><b>Time (seconds)</b></td>
<td><b>Instance</b></td>
</tr>
<tr>
<<<<<<< HEAD
<td title='com.nspl.agingoptions.financepage.testcases.BookKeeperTestCases.FTC_056_PrimarySaveAddAnotherButton()'><b>FTC_056_PrimarySaveAddAnotherButton</b><br>Test class: com.nspl.agingoptions.financepage.testcases.BookKeeperTestCases</td>
<td></td>
<td>35</td>
<td>com.nspl.agingoptions.financepage.testcases.BookKeeperTestCases@77f80c04</td></tr>
<tr>
<td title='com.nspl.agingoptions.financepage.testcases.BusinessInterestTestCases.FTC_010_BusinessInterestSaveContinueLaterButton()'><b>FTC_010_BusinessInterestSaveContinueLaterButton</b><br>Test class: com.nspl.agingoptions.financepage.testcases.BusinessInterestTestCases</td>
<td></td>
<td>32</td>
<td>com.nspl.agingoptions.financepage.testcases.BusinessInterestTestCases@6aaceffd</td></tr>
<tr>
<td title='com.nspl.agingoptions.financepage.testcases.FinancialAdvisorTestCases.FTC_044_PrimaryMemberSaveAndProceedToSpouseButton()'><b>FTC_044_PrimaryMemberSaveAndProceedToSpouseButton</b><br>Test class: com.nspl.agingoptions.financepage.testcases.FinancialAdvisorTestCases</td>
<td></td>
<td>41</td>
<td>com.nspl.agingoptions.financepage.testcases.FinancialAdvisorTestCases@6ab778a</td></tr>
<tr>
<td title='com.nspl.agingoptions.financepage.testcases.Non_RetirementTestCases.FTC03_Non_RetirementSaveAddProceedToRetirementButton()'><b>FTC03_Non_RetirementSaveAddProceedToRetirementButton</b><br>Test class: com.nspl.agingoptions.financepage.testcases.Non_RetirementTestCases</td>
<td></td>
<td>101</td>
<td>com.nspl.agingoptions.financepage.testcases.Non_RetirementTestCases@2e377400</td></tr>
<tr>
<td title='com.nspl.agingoptions.financepage.testcases.TaxInfoTestCases.FTC_038_SpouseInputTax2021SaveAddAnotherBT()'><b>FTC_038_SpouseInputTax2021SaveAddAnotherBT</b><br>Test class: com.nspl.agingoptions.financepage.testcases.TaxInfoTestCases</td>
<td></td>
<td>35</td>
<td>com.nspl.agingoptions.financepage.testcases.TaxInfoTestCases@37883b97</td></tr>
<tr>
<td title='com.nspl.agingoptions.financepage.testcases.LongTermCarePolicyTestCases.FTC_026_SpouseLongTermCarePolicySaveAddAnotherButton()'><b>FTC_026_SpouseLongTermCarePolicySaveAddAnotherButton</b><br>Test class: com.nspl.agingoptions.financepage.testcases.LongTermCarePolicyTestCases</td>
<td></td>
<td>27</td>
<td>com.nspl.agingoptions.financepage.testcases.LongTermCarePolicyTestCases@3af9c5b7</td></tr>
<tr>
<td title='com.nspl.agingoptions.financepage.testcases.LifeInsuranceTestCases.FTC_020_SpouseLifeInsuranceSaveAddAnotherButton()'><b>FTC_020_SpouseLifeInsuranceSaveAddAnotherButton</b><br>Test class: com.nspl.agingoptions.financepage.testcases.LifeInsuranceTestCases</td>
<td></td>
<td>34</td>
<td>com.nspl.agingoptions.financepage.testcases.LifeInsuranceTestCases@10aa41f2</td></tr>
<tr>
<td title='com.nspl.agingoptions.financepage.testcases.FinancialAdvisorTestCases.FTC_046_SpouseSaveAndAddAnotherButton()'><b>FTC_046_SpouseSaveAndAddAnotherButton</b><br>Test class: com.nspl.agingoptions.financepage.testcases.FinancialAdvisorTestCases</td>
<td></td>
<td>46</td>
<td>com.nspl.agingoptions.financepage.testcases.FinancialAdvisorTestCases@6ab778a</td></tr>
<tr>
<td title='com.nspl.agingoptions.financepage.testcases.LongTermCarePolicyTestCases.FTC_025_SpouseLongTermCarePolicySaveContinueLaterButton()'><b>FTC_025_SpouseLongTermCarePolicySaveContinueLaterButton</b><br>Test class: com.nspl.agingoptions.financepage.testcases.LongTermCarePolicyTestCases</td>
<td></td>
<td>18</td>
<td>com.nspl.agingoptions.financepage.testcases.LongTermCarePolicyTestCases@3af9c5b7</td></tr>
<tr>
<td title='com.nspl.agingoptions.financepage.testcases.RetirementTestCases.FTC04_RetirementSaveContinueLaterButton()'><b>FTC04_RetirementSaveContinueLaterButton</b><br>Test class: com.nspl.agingoptions.financepage.testcases.RetirementTestCases</td>
<td></td>
<td>64</td>
<td>com.nspl.agingoptions.financepage.testcases.RetirementTestCases@687e99d8</td></tr>
<tr>
<td title='com.nspl.agingoptions.financepage.testcases.CurrentExpenseTestCases.FTC_033_InputIncomeDetails()'><b>FTC_033_InputIncomeDetails</b><br>Test class: com.nspl.agingoptions.financepage.testcases.CurrentExpenseTestCases</td>
<td></td>
<td>32</td>
<td>com.nspl.agingoptions.financepage.testcases.CurrentExpenseTestCases@38102d01</td></tr>
<tr>
<td title='com.nspl.agingoptions.financepage.testcases.TransportationTestCases.FTC_013_TransportationSaveContinueLaterButton()'><b>FTC_013_TransportationSaveContinueLaterButton</b><br>Test class: com.nspl.agingoptions.financepage.testcases.TransportationTestCases</td>
<td></td>
<td>52</td>
<td>com.nspl.agingoptions.financepage.testcases.TransportationTestCases@c86b9e3</td></tr>
<tr>
<td title='com.nspl.agingoptions.financepage.testcases.LongTermCarePolicyTestCases.FTC_024_PrimaryMemberLongTermCarePolicySaveProceedToSpouseButton()'><b>FTC_024_PrimaryMemberLongTermCarePolicySaveProceedToSpouseButton</b><br>Test class: com.nspl.agingoptions.financepage.testcases.LongTermCarePolicyTestCases</td>
<td></td>
<td>26</td>
<td>com.nspl.agingoptions.financepage.testcases.LongTermCarePolicyTestCases@3af9c5b7</td></tr>
<tr>
<td title='com.nspl.agingoptions.financepage.testcases.LiabilitiesTestCases.FTC_031_LiabilitiesSaveAndProceedToIncomeButton()'><b>FTC_031_LiabilitiesSaveAndProceedToIncomeButton</b><br>Test class: com.nspl.agingoptions.financepage.testcases.LiabilitiesTestCases</td>
<td></td>
<td>21</td>
<td>com.nspl.agingoptions.financepage.testcases.LiabilitiesTestCases@ed7f8b4</td></tr>
<tr>
<td title='com.nspl.agingoptions.financepage.testcases.AccountantTestCases.FTC_053_SpouseSaveAddAnotherButton()'><b>FTC_053_SpouseSaveAddAnotherButton</b><br>Test class: com.nspl.agingoptions.financepage.testcases.AccountantTestCases</td>
<td></td>
<td>43</td>
<td>com.nspl.agingoptions.financepage.testcases.AccountantTestCases@4e3958e7</td></tr>
<tr>
<td title='com.nspl.agingoptions.financepage.testcases.TransportationTestCases.FTC_015_TransportationSaveContinueLaterButton()'><b>FTC_015_TransportationSaveContinueLaterButton</b><br>Test class: com.nspl.agingoptions.financepage.testcases.TransportationTestCases</td>
<td></td>
<td>41</td>
<td>com.nspl.agingoptions.financepage.testcases.TransportationTestCases@c86b9e3</td></tr>
<tr>
<td title='com.nspl.agingoptions.financepage.testcases.TransportationTestCases.FTC_014_TransportationSaveContinueLaterButton()'><b>FTC_014_TransportationSaveContinueLaterButton</b><br>Test class: com.nspl.agingoptions.financepage.testcases.TransportationTestCases</td>
<td></td>
<td>42</td>
<td>com.nspl.agingoptions.financepage.testcases.TransportationTestCases@c86b9e3</td></tr>
<tr>
<td title='com.nspl.agingoptions.financepage.testcases.FinancialAdvisorTestCases.FTC_043_PrimaryMemberSaveAddAnotherButton()'><b>FTC_043_PrimaryMemberSaveAddAnotherButton</b><br>Test class: com.nspl.agingoptions.financepage.testcases.FinancialAdvisorTestCases</td>
<td></td>
<td>38</td>
<td>com.nspl.agingoptions.financepage.testcases.FinancialAdvisorTestCases@6ab778a</td></tr>
<tr>
<td title='com.nspl.agingoptions.financepage.testcases.BookKeeperTestCases.FTC_058_SpouseSaveContinueLaterButton()'><b>FTC_058_SpouseSaveContinueLaterButton</b><br>Test class: com.nspl.agingoptions.financepage.testcases.BookKeeperTestCases</td>
<td></td>
<td>39</td>
<td>com.nspl.agingoptions.financepage.testcases.BookKeeperTestCases@77f80c04</td></tr>
<tr>
<td title='com.nspl.agingoptions.financepage.testcases.LifeInsuranceTestCases.FTC_017_PrimaryMemberLifeInsuranceSaveAddAnotherButtonSameAsSpouse()'><b>FTC_017_PrimaryMemberLifeInsuranceSaveAddAnotherButtonSameAsSpouse</b><br>Test class: com.nspl.agingoptions.financepage.testcases.LifeInsuranceTestCases</td>
<td></td>
<td>59</td>
<td>com.nspl.agingoptions.financepage.testcases.LifeInsuranceTestCases@10aa41f2</td></tr>
<tr>
<td title='com.nspl.agingoptions.financepage.testcases.BookKeeperTestCases.FTC_059_SpouseSaveAddAnotherButton()'><b>FTC_059_SpouseSaveAddAnotherButton</b><br>Test class: com.nspl.agingoptions.financepage.testcases.BookKeeperTestCases</td>
<td></td>
<td>39</td>
<td>com.nspl.agingoptions.financepage.testcases.BookKeeperTestCases@77f80c04</td></tr>
<tr>
<td title='com.nspl.agingoptions.financepage.testcases.BookKeeperTestCases.FTC_055_PrimaryMemberSaveContinueLaterButton()'><b>FTC_055_PrimaryMemberSaveContinueLaterButton</b><br>Test class: com.nspl.agingoptions.financepage.testcases.BookKeeperTestCases</td>
<td></td>
<td>36</td>
<td>com.nspl.agingoptions.financepage.testcases.BookKeeperTestCases@77f80c04</td></tr>
<tr>
<td title='com.nspl.agingoptions.financepage.testcases.BusinessInterestTestCases.FTC_012_BusinessInterestSaveAddAnotherButton()'><b>FTC_012_BusinessInterestSaveAddAnotherButton</b><br>Test class: com.nspl.agingoptions.financepage.testcases.BusinessInterestTestCases</td>
<td></td>
<td>28</td>
<td>com.nspl.agingoptions.financepage.testcases.BusinessInterestTestCases@6aaceffd</td></tr>
<tr>
<td title='com.nspl.agingoptions.financepage.testcases.TaxInfoTestCases.FTC_035_PrimaryMemberInputTax2024SaveAddAnotherBT()'><b>FTC_035_PrimaryMemberInputTax2024SaveAddAnotherBT</b><br>Test class: com.nspl.agingoptions.financepage.testcases.TaxInfoTestCases</td>
<td></td>
<td>24</td>
<td>com.nspl.agingoptions.financepage.testcases.TaxInfoTestCases@37883b97</td></tr>
<tr>
<td title='com.nspl.agingoptions.financepage.testcases.FinancialAdvisorTestCases.FTC_042_PrimaryMemberSaveContinueLaterButton()'><b>FTC_042_PrimaryMemberSaveContinueLaterButton</b><br>Test class: com.nspl.agingoptions.financepage.testcases.FinancialAdvisorTestCases</td>
<td></td>
<td>45</td>
<td>com.nspl.agingoptions.financepage.testcases.FinancialAdvisorTestCases@6ab778a</td></tr>
<tr>
<td title='com.nspl.agingoptions.financepage.testcases.TaxInfoTestCases.FTC_034_PrimaryMemberInputTax2025DetailsSaveContinueLaterButton()'><b>FTC_034_PrimaryMemberInputTax2025DetailsSaveContinueLaterButton</b><br>Test class: com.nspl.agingoptions.financepage.testcases.TaxInfoTestCases</td>
<td></td>
<td>41</td>
<td>com.nspl.agingoptions.financepage.testcases.TaxInfoTestCases@37883b97</td></tr>
<tr>
<td title='com.nspl.agingoptions.financepage.testcases.LongTermCarePolicyTestCases.FTC_022_PrimaryMemberLongTermCarePolicySaveContinueLaterButton()'><b>FTC_022_PrimaryMemberLongTermCarePolicySaveContinueLaterButton</b><br>Test class: com.nspl.agingoptions.financepage.testcases.LongTermCarePolicyTestCases</td>
<td></td>
<td>17</td>
<td>com.nspl.agingoptions.financepage.testcases.LongTermCarePolicyTestCases@3af9c5b7</td></tr>
<tr>
<td title='com.nspl.agingoptions.financepage.testcases.FinancialAdvisorTestCases.FTC_045_SpouseSaveContinueLaterButton()'><b>FTC_045_SpouseSaveContinueLaterButton</b><br>Test class: com.nspl.agingoptions.financepage.testcases.FinancialAdvisorTestCases</td>
<td></td>
<td>44</td>
<td>com.nspl.agingoptions.financepage.testcases.FinancialAdvisorTestCases@6ab778a</td></tr>
<tr>
<td title='com.nspl.agingoptions.financepage.testcases.TaxInfoTestCases.FTC_037_SpouseInputTax2022DetailsSaveContinueLaterButton()'><b>FTC_037_SpouseInputTax2022DetailsSaveContinueLaterButton</b><br>Test class: com.nspl.agingoptions.financepage.testcases.TaxInfoTestCases</td>
<td></td>
<td>23</td>
<td>com.nspl.agingoptions.financepage.testcases.TaxInfoTestCases@37883b97</td></tr>
<tr>
<td title='com.nspl.agingoptions.financepage.testcases.LifeInsuranceTestCases.FTC_021_SpouseLifeInsuranceNextLongTermCarePolicyButton()'><b>FTC_021_SpouseLifeInsuranceNextLongTermCarePolicyButton</b><br>Test class: com.nspl.agingoptions.financepage.testcases.LifeInsuranceTestCases</td>
<td></td>
<td>44</td>
<td>com.nspl.agingoptions.financepage.testcases.LifeInsuranceTestCases@10aa41f2</td></tr>
<tr>
<td title='com.nspl.agingoptions.financepage.testcases.MonthlyIncomeTestCases.FTC_032_InputIncomeDetails()'><b>FTC_032_InputIncomeDetails</b><br>Test class: com.nspl.agingoptions.financepage.testcases.MonthlyIncomeTestCases</td>
<td></td>
<td>45</td>
<td>com.nspl.agingoptions.financepage.testcases.MonthlyIncomeTestCases@4c309d4d</td></tr>
<tr>
<td title='com.nspl.agingoptions.financepage.testcases.AccountantTestCases.FTC_049_PrimaryMemberSaveContinueLaterButton()'><b>FTC_049_PrimaryMemberSaveContinueLaterButton</b><br>Test class: com.nspl.agingoptions.financepage.testcases.AccountantTestCases</td>
<td></td>
<td>38</td>
<td>com.nspl.agingoptions.financepage.testcases.AccountantTestCases@4e3958e7</td></tr>
<tr>
<td title='com.nspl.agingoptions.financepage.testcases.RetirementTestCases.FTC05_RetirementSaveAddAnotherButton()'><b>FTC05_RetirementSaveAddAnotherButton</b><br>Test class: com.nspl.agingoptions.financepage.testcases.RetirementTestCases</td>
<td></td>
<td>91</td>
<td>com.nspl.agingoptions.financepage.testcases.RetirementTestCases@687e99d8</td></tr>
<tr>
<td title='com.nspl.agingoptions.financepage.testcases.RealEstateTestCases.FTC_009_AddRealEstateSaveAndProceedToBussinessInterestButton()'><b>FTC_009_AddRealEstateSaveAndProceedToBussinessInterestButton</b><br>Test class: com.nspl.agingoptions.financepage.testcases.RealEstateTestCases</td>
<td></td>
<td>94</td>
<td>com.nspl.agingoptions.financepage.testcases.RealEstateTestCases@e4487af</td></tr>
<tr>
<td title='com.nspl.agingoptions.financepage.testcases.BookKeeperTestCases.FTC_057_PrimaryMemberSaveAndProceedToSpouseButton()'><b>FTC_057_PrimaryMemberSaveAndProceedToSpouseButton</b><br>Test class: com.nspl.agingoptions.financepage.testcases.BookKeeperTestCases</td>
<td></td>
<td>40</td>
<td>com.nspl.agingoptions.financepage.testcases.BookKeeperTestCases@77f80c04</td></tr>
<tr>
<td title='com.nspl.agingoptions.financepage.testcases.RealEstateTestCases.FTC_008_AddRealEstateSaveAddAnotherButton()'><b>FTC_008_AddRealEstateSaveAddAnotherButton</b><br>Test class: com.nspl.agingoptions.financepage.testcases.RealEstateTestCases</td>
<td></td>
<td>30</td>
<td>com.nspl.agingoptions.financepage.testcases.RealEstateTestCases@e4487af</td></tr>
<tr>
<td title='com.nspl.agingoptions.financepage.testcases.AccountantTestCases.FTC_052_SpouseSaveContinueLaterButton()'><b>FTC_052_SpouseSaveContinueLaterButton</b><br>Test class: com.nspl.agingoptions.financepage.testcases.AccountantTestCases</td>
<td></td>
<td>38</td>
<td>com.nspl.agingoptions.financepage.testcases.AccountantTestCases@4e3958e7</td></tr>
<tr>
<td title='com.nspl.agingoptions.financepage.testcases.LifeInsuranceTestCases.FTC_018_PrimaryMemberLifeInsuranceNextSpouseButton()'><b>FTC_018_PrimaryMemberLifeInsuranceNextSpouseButton</b><br>Test class: com.nspl.agingoptions.financepage.testcases.LifeInsuranceTestCases</td>
<td></td>
<td>43</td>
<td>com.nspl.agingoptions.financepage.testcases.LifeInsuranceTestCases@10aa41f2</td></tr>
<tr>
<td title='com.nspl.agingoptions.financepage.testcases.Non_RetirementTestCases.FTC01_Non_RetirementSaveContinueLaterButton()'><b>FTC01_Non_RetirementSaveContinueLaterButton</b><br>Test class: com.nspl.agingoptions.financepage.testcases.Non_RetirementTestCases</td>
<td></td>
<td>52</td>
<td>com.nspl.agingoptions.financepage.testcases.Non_RetirementTestCases@2e377400</td></tr>
<tr>
<td title='com.nspl.agingoptions.financepage.testcases.AccountantTestCases.FTC_051_PrimaryMemberSaveAndProceedToSpouseButton()'><b>FTC_051_PrimaryMemberSaveAndProceedToSpouseButton</b><br>Test class: com.nspl.agingoptions.financepage.testcases.AccountantTestCases</td>
<td></td>
<td>41</td>
<td>com.nspl.agingoptions.financepage.testcases.AccountantTestCases@4e3958e7</td></tr>
<tr>
<td title='com.nspl.agingoptions.financepage.testcases.RealEstateTestCases.FTC_007_AddRealEstateSaveContinueLaterButton()'><b>FTC_007_AddRealEstateSaveContinueLaterButton</b><br>Test class: com.nspl.agingoptions.financepage.testcases.RealEstateTestCases</td>
<td></td>
<td>45</td>
<td>com.nspl.agingoptions.financepage.testcases.RealEstateTestCases@e4487af</td></tr>
<tr>
<td title='com.nspl.agingoptions.financepage.testcases.LiabilitiesTestCases.FTC_029_LiabilitiesSaveContinueLaterButton()'><b>FTC_029_LiabilitiesSaveContinueLaterButton</b><br>Test class: com.nspl.agingoptions.financepage.testcases.LiabilitiesTestCases</td>
<td></td>
<td>27</td>
<td>com.nspl.agingoptions.financepage.testcases.LiabilitiesTestCases@ed7f8b4</td></tr>
<tr>
<td title='com.nspl.agingoptions.financepage.testcases.RetirementTestCases.FTC06_RetirementNextRealEstateButton()'><b>FTC06_RetirementNextRealEstateButton</b><br>Test class: com.nspl.agingoptions.financepage.testcases.RetirementTestCases</td>
<td></td>
<td>91</td>
<td>com.nspl.agingoptions.financepage.testcases.RetirementTestCases@687e99d8</td></tr>
<tr>
<td title='com.nspl.agingoptions.financepage.testcases.AccountantTestCases.FTC_054_SpouseSaveAndProceedToBookkeeperButton()'><b>FTC_054_SpouseSaveAndProceedToBookkeeperButton</b><br>Test class: com.nspl.agingoptions.financepage.testcases.AccountantTestCases</td>
<td></td>
<td>41</td>
<td>com.nspl.agingoptions.financepage.testcases.AccountantTestCases@4e3958e7</td></tr>
<tr>
<td title='com.nspl.agingoptions.financepage.testcases.TaxInfoTestCases.FTC_039_SpouseInputTax2020SaveProceedToFinancialProfessional()'><b>FTC_039_SpouseInputTax2020SaveProceedToFinancialProfessional</b><br>Test class: com.nspl.agingoptions.financepage.testcases.TaxInfoTestCases</td>
<td></td>
<td>25</td>
<td>com.nspl.agingoptions.financepage.testcases.TaxInfoTestCases@37883b97</td></tr>
<tr>
<td title='com.nspl.agingoptions.financepage.testcases.BookKeeperTestCases.FTC_060_SpouseSaveAndProceedToLegalButton()'><b>FTC_060_SpouseSaveAndProceedToLegalButton</b><br>Test class: com.nspl.agingoptions.financepage.testcases.BookKeeperTestCases</td>
<td></td>
<td>49</td>
<td>com.nspl.agingoptions.financepage.testcases.BookKeeperTestCases@77f80c04</td></tr>
<tr>
<td title='com.nspl.agingoptions.financepage.testcases.LiabilitiesTestCases.FTC_030_LiabilitiesSaveAddAnotherButton()'><b>FTC_030_LiabilitiesSaveAddAnotherButton</b><br>Test class: com.nspl.agingoptions.financepage.testcases.LiabilitiesTestCases</td>
<td></td>
<td>107</td>
<td>com.nspl.agingoptions.financepage.testcases.LiabilitiesTestCases@ed7f8b4</td></tr>
<tr>
<td title='com.nspl.agingoptions.financepage.testcases.FutureExpectationTestCases.FTC_028_FutureExpectation()'><b>FTC_028_FutureExpectation</b><br>Test class: com.nspl.agingoptions.financepage.testcases.FutureExpectationTestCases</td>
<td></td>
<td>18</td>
<td>com.nspl.agingoptions.financepage.testcases.FutureExpectationTestCases@37271612</td></tr>
<tr>
<td title='com.nspl.agingoptions.financepage.testcases.Non_RetirementTestCases.FTC02_Non_RetirementSaveAddAnotherButton()'><b>FTC02_Non_RetirementSaveAddAnotherButton</b><br>Test class: com.nspl.agingoptions.financepage.testcases.Non_RetirementTestCases</td>
<td></td>
<td>97</td>
<td>com.nspl.agingoptions.financepage.testcases.Non_RetirementTestCases@2e377400</td></tr>
<tr>
<td title='com.nspl.agingoptions.financepage.testcases.LongTermCarePolicyTestCases.FTC_023_PrimaryMemberLongTermCarePolicySaveAddAnotherButton()'><b>FTC_023_PrimaryMemberLongTermCarePolicySaveAddAnotherButton</b><br>Test class: com.nspl.agingoptions.financepage.testcases.LongTermCarePolicyTestCases</td>
<td></td>
<td>15</td>
<td>com.nspl.agingoptions.financepage.testcases.LongTermCarePolicyTestCases@3af9c5b7</td></tr>
<tr>
<td title='com.nspl.agingoptions.financepage.testcases.LongTermCarePolicyTestCases.FTC_027_SpouseLongTermCarePolicySaveProceedToSpouseButton()'><b>FTC_027_SpouseLongTermCarePolicySaveProceedToSpouseButton</b><br>Test class: com.nspl.agingoptions.financepage.testcases.LongTermCarePolicyTestCases</td>
<td></td>
<td>38</td>
<td>com.nspl.agingoptions.financepage.testcases.LongTermCarePolicyTestCases@3af9c5b7</td></tr>
<tr>
<td title='com.nspl.agingoptions.financepage.testcases.AccountantTestCases.FTC_050_PrimaryMemberSaveAddAnotherButton()'><b>FTC_050_PrimaryMemberSaveAddAnotherButton</b><br>Test class: com.nspl.agingoptions.financepage.testcases.AccountantTestCases</td>
<td></td>
<td>39</td>
<td>com.nspl.agingoptions.financepage.testcases.AccountantTestCases@4e3958e7</td></tr>
<tr>
<td title='com.nspl.agingoptions.financepage.testcases.AccountantTestCases.FTC_048_SpouseIDontHaveCheckBox()'><b>FTC_048_SpouseIDontHaveCheckBox</b><br>Test class: com.nspl.agingoptions.financepage.testcases.AccountantTestCases</td>
<td></td>
<td>19</td>
<td>com.nspl.agingoptions.financepage.testcases.AccountantTestCases@4e3958e7</td></tr>
<tr>
<td title='com.nspl.agingoptions.financepage.testcases.LifeInsuranceTestCases.FTC_016_PrimaryMemberLifeInsuranceSaveContinueLaterButton()'><b>FTC_016_PrimaryMemberLifeInsuranceSaveContinueLaterButton</b><br>Test class: com.nspl.agingoptions.financepage.testcases.LifeInsuranceTestCases</td>
<td></td>
<td>40</td>
<td>com.nspl.agingoptions.financepage.testcases.LifeInsuranceTestCases@10aa41f2</td></tr>
<tr>
<td title='com.nspl.agingoptions.financepage.testcases.LifeInsuranceTestCases.FTC_019_SpouseLifeInsuranceSaveContinueLaterButton()'><b>FTC_019_SpouseLifeInsuranceSaveContinueLaterButton</b><br>Test class: com.nspl.agingoptions.financepage.testcases.LifeInsuranceTestCases</td>
<td></td>
<td>44</td>
<td>com.nspl.agingoptions.financepage.testcases.LifeInsuranceTestCases@10aa41f2</td></tr>
<tr>
<td title='com.nspl.agingoptions.financepage.testcases.BusinessInterestTestCases.FTC_011_BusinessInterestSaveAddAnotherButton()'><b>FTC_011_BusinessInterestSaveAddAnotherButton</b><br>Test class: com.nspl.agingoptions.financepage.testcases.BusinessInterestTestCases</td>
<td></td>
<td>45</td>
<td>com.nspl.agingoptions.financepage.testcases.BusinessInterestTestCases@6aaceffd</td></tr>
<tr>
<td title='com.nspl.agingoptions.financepage.testcases.AccountantTestCases.FTC_047_PrimaryMemberIDontHaveCheckBox()'><b>FTC_047_PrimaryMemberIDontHaveCheckBox</b><br>Test class: com.nspl.agingoptions.financepage.testcases.AccountantTestCases</td>
<td></td>
<td>17</td>
<td>com.nspl.agingoptions.financepage.testcases.AccountantTestCases@4e3958e7</td></tr>
=======
<td title='com.nspl.LegalInfoTestScript.PreviousLagalDocumentTestCases.beforeClass()'><b>beforeClass</b><br>Test class: com.nspl.LegalInfoTestScript.PreviousLagalDocumentTestCases</td>
<td></td>
<td>0</td>
<td>com.nspl.LegalInfoTestScript.PreviousLagalDocumentTestCases@b2c9a9c</td></tr>
<tr>
<td title='com.nspl.LegalInfoTestScript.PreviousLagalDocumentTestCases.beforeMethod()'><b>beforeMethod</b><br>Test class: com.nspl.LegalInfoTestScript.PreviousLagalDocumentTestCases</td>
<td></td>
<td>0</td>
<td>com.nspl.LegalInfoTestScript.PreviousLagalDocumentTestCases@b2c9a9c</td></tr>
<tr>
<td title='com.nspl.LegalInfoTestScript.FiduciaryBeneficiaryTestScript.beforeMethod()'><b>beforeMethod</b><br>Test class: com.nspl.LegalInfoTestScript.FiduciaryBeneficiaryTestScript</td>
<td></td>
<td>0</td>
<td>com.nspl.LegalInfoTestScript.FiduciaryBeneficiaryTestScript@d35dea7</td></tr>
<tr>
<td title='com.nspl.LegalInfoTestScript.FiduciaryBeneficiaryTestScript.beforeMethod()'><b>beforeMethod</b><br>Test class: com.nspl.LegalInfoTestScript.FiduciaryBeneficiaryTestScript</td>
<td></td>
<td>0</td>
<td>com.nspl.LegalInfoTestScript.FiduciaryBeneficiaryTestScript@d35dea7</td></tr>
<tr>
<td title='com.nspl.LegalInfoTestScript.FiduciaryBeneficiaryTestScript.afterMethod()'><b>afterMethod</b><br>Test class: com.nspl.LegalInfoTestScript.FiduciaryBeneficiaryTestScript</td>
<td></td>
<td>0</td>
<td>com.nspl.LegalInfoTestScript.FiduciaryBeneficiaryTestScript@d35dea7</td></tr>
<tr>
<td title='com.nspl.LegalInfoTestScript.PreviousLagalDocumentTestCases.afterClass()'><b>afterClass</b><br>Test class: com.nspl.LegalInfoTestScript.PreviousLagalDocumentTestCases</td>
<td></td>
<td>0</td>
<td>com.nspl.LegalInfoTestScript.PreviousLagalDocumentTestCases@b2c9a9c</td></tr>
<tr>
<td title='com.nspl.LegalInfoTestScript.PreviousLagalDocumentTestCases.beforeMethod()'><b>beforeMethod</b><br>Test class: com.nspl.LegalInfoTestScript.PreviousLagalDocumentTestCases</td>
<td></td>
<td>0</td>
<td>com.nspl.LegalInfoTestScript.PreviousLagalDocumentTestCases@b2c9a9c</td></tr>
<tr>
<td title='com.nspl.LegalInfoTestScript.FiduciaryBeneficiaryTestScript.beforeMethod()'><b>beforeMethod</b><br>Test class: com.nspl.LegalInfoTestScript.FiduciaryBeneficiaryTestScript</td>
<td></td>
<td>0</td>
<td>com.nspl.LegalInfoTestScript.FiduciaryBeneficiaryTestScript@d35dea7</td></tr>
<tr>
<td title='com.nspl.LegalInfoTestScript.FiduciaryBeneficiaryTestScript.afterClass()'><b>afterClass</b><br>Test class: com.nspl.LegalInfoTestScript.FiduciaryBeneficiaryTestScript</td>
<td></td>
<td>0</td>
<td>com.nspl.LegalInfoTestScript.FiduciaryBeneficiaryTestScript@d35dea7</td></tr>
<tr>
<td title='com.nspl.LegalInfoTestScript.FiduciaryBeneficiaryTestScript.afterMethod()'><b>afterMethod</b><br>Test class: com.nspl.LegalInfoTestScript.FiduciaryBeneficiaryTestScript</td>
<td></td>
<td>0</td>
<td>com.nspl.LegalInfoTestScript.FiduciaryBeneficiaryTestScript@d35dea7</td></tr>
<tr>
<td title='com.nspl.LegalInfoTestScript.PreviousLagalDocumentTestCases.afterTest()'><b>afterTest</b><br>Test class: com.nspl.LegalInfoTestScript.PreviousLagalDocumentTestCases</td>
<td></td>
<td>0</td>
<td>com.nspl.LegalInfoTestScript.PreviousLagalDocumentTestCases@b2c9a9c</td></tr>
<tr>
<td title='com.nspl.LegalInfoTestScript.PreviousLagalDocumentTestCases.afterMethod()'><b>afterMethod</b><br>Test class: com.nspl.LegalInfoTestScript.PreviousLagalDocumentTestCases</td>
<td></td>
<td>0</td>
<td>com.nspl.LegalInfoTestScript.PreviousLagalDocumentTestCases@b2c9a9c</td></tr>
<tr>
<td title='com.nspl.LegalInfoTestScript.PreviousLagalDocumentTestCases.afterMethod()'><b>afterMethod</b><br>Test class: com.nspl.LegalInfoTestScript.PreviousLagalDocumentTestCases</td>
<td></td>
<td>0</td>
<td>com.nspl.LegalInfoTestScript.PreviousLagalDocumentTestCases@b2c9a9c</td></tr>
<tr>
<td title='com.nspl.LegalInfoTestScript.PreviousLagalDocumentTestCases.beforeMethod()'><b>beforeMethod</b><br>Test class: com.nspl.LegalInfoTestScript.PreviousLagalDocumentTestCases</td>
<td></td>
<td>0</td>
<td>com.nspl.LegalInfoTestScript.PreviousLagalDocumentTestCases@b2c9a9c</td></tr>
<tr>
<td title='com.nspl.LegalInfoTestScript.FiduciaryBeneficiaryTestScript.beforeClass()'><b>beforeClass</b><br>Test class: com.nspl.LegalInfoTestScript.FiduciaryBeneficiaryTestScript</td>
<td></td>
<td>0</td>
<td>com.nspl.LegalInfoTestScript.FiduciaryBeneficiaryTestScript@d35dea7</td></tr>
<tr>
<td title='com.nspl.LegalInfoTestScript.PreviousLagalDocumentTestCases.afterMethod()'><b>afterMethod</b><br>Test class: com.nspl.LegalInfoTestScript.PreviousLagalDocumentTestCases</td>
<td></td>
<td>0</td>
<td>com.nspl.LegalInfoTestScript.PreviousLagalDocumentTestCases@b2c9a9c</td></tr>
<tr>
<td title='com.nspl.LegalInfoTestScript.FiduciaryBeneficiaryTestScript.afterMethod()'><b>afterMethod</b><br>Test class: com.nspl.LegalInfoTestScript.FiduciaryBeneficiaryTestScript</td>
<td></td>
<td>0</td>
<td>com.nspl.LegalInfoTestScript.FiduciaryBeneficiaryTestScript@d35dea7</td></tr>
>>>>>>> fc9139160fa8997a38dbc6a92c4d76744cdb234e
</table><p>
<table width='100%' border='1' class='invocation-skipped'>
<tr><td colspan='4' align='center'><b>SKIPPED TESTS</b></td></tr>
<tr><td><b>Test method</b></td>
<td><b>Attribute(s)</b></td>
<td width="30%"><b>Exception</b></td>
<td width="10%"><b>Time (seconds)</b></td>
<td><b>Instance</b></td>
</tr>
<tr>
<<<<<<< HEAD
<td title='com.nspl.agingoptions.financepage.testcases.Non_RetirementTestCases.FTC02_Non_RetirementSaveAddAnotherButton()'><b>FTC02_Non_RetirementSaveAddAnotherButton</b><br>Test class: com.nspl.agingoptions.financepage.testcases.Non_RetirementTestCases</td>
<td><div><pre>org.openqa.selenium.TimeoutException: Expected condition failed: waiting for visibility of Proxy element for: DefaultElementLocator &apos;By.xpath: //p[contains(text(),&apos;Charity Name*&apos;)]/following-sibling::input&apos; (tried for 10 second(s) with 500 milliseconds interval)
	at org.openqa.selenium.support.ui.WebDriverWait.timeoutException(WebDriverWait.java:84)
	at org.openqa.selenium.support.ui.FluentWait.until(FluentWait.java:229)
	at com.nspl.agingoptions.webUtil.WebUtil.waitUntilPresentInUI(WebUtil.java:2012)
	at com.agingoptions.finance.Non_Retirement_And_RetirementPage.waitUntilCharityModalIsOpen(Non_Retirement_And_RetirementPage.java:208)
	at com.nspl.agingoptions.financepage.testcases.Non_RetirementTestCases.FTC02_Non_RetirementSaveAddAnotherButton(Non_RetirementTestCases.java:158)
	at java.base/java.util.ArrayList.forEach(ArrayList.java:1511)
Caused by: org.openqa.selenium.NoSuchElementException: no such element: Unable to locate element: {&quot;method&quot;:&quot;xpath&quot;,&quot;selector&quot;:&quot;//p[contains(text(),&apos;Charity Name*&apos;)]/following-sibling::input&quot;}
  (Session info: chrome=136.0.7103.114)
For documentation on this error, please visit: https://www.selenium.dev/documentation/webdriver/troubleshooting/errors#no-such-element-exception
Build info: version: &apos;4.16.1&apos;, revision: &apos;9b4c83354e&apos;
System info: os.name: &apos;Windows 10&apos;, os.arch: &apos;amd64&apos;, os.version: &apos;10.0&apos;, java.version: &apos;17.0.12&apos;
Driver info: org.openqa.selenium.chrome.ChromeDriver
Command: [28a448206b32bd527af4aa73b346ec89, findElement {using=xpath, value=//p[contains(text(),&apos;Charity Name*&apos;)]/following-sibling::input}]
Capabilities {acceptInsecureCerts: false, browserName: chrome, browserVersion: 136.0.7103.114, chrome: {chromedriverVersion: 135.0.7049.95 (de2eb485a195..., userDataDir: C:\Users\AO\AppData\Local\T...}, fedcm:accounts: true, goog:chromeOptions: {debuggerAddress: localhost:53778}, networkConnectionEnabled: false, pageLoadStrategy: normal, platformName: windows, proxy: Proxy(), se:cdp: ws://localhost:53778/devtoo..., se:cdpVersion: 136.0.7103.114, setWindowRect: true, strictFileInteractability: false, timeouts: {implicit: 0, pageLoad: 300000, script: 30000}, unhandledPromptBehavior: dismiss and notify, webauthn:extension:credBlob: true, webauthn:extension:largeBlob: true, webauthn:extension:minPinLength: true, webauthn:extension:prf: true, webauthn:virtualAuthenticators: true}
Session ID: 28a448206b32bd527af4aa73b346ec89
	at org.openqa.selenium.remote.codec.w3c.W3CHttpResponseCodec.createException(W3CHttpResponseCodec.java:200)
	at org.openqa.selenium.remote.codec.w3c.W3CHttpResponseCodec.decode(W3CHttpResponseCodec.java:133)
	at org.openqa.selenium.remote.codec.w3c.W3CHttpResponseCodec.decode(W3CHttpResponseCodec.java:52)
	at org.openqa.selenium.remote.HttpCommandExecutor.execute(HttpCommandExecutor.java:191)
	at org.openqa.selenium.remote.service.DriverCommandExecutor.invokeExecute(DriverCommandExecutor.java:200)
	at org.openqa.selenium.remote.service.DriverCommandExecutor.execute(DriverCommandExecutor.java:175)
	at org.openqa.selenium.remote.RemoteWebDriver.execute(RemoteWebDriver.java:523)
	at org.openqa.selenium.remote.ElementLocation$ElementFinder$2.findElement(ElementLocation.java:165)
	at org.openqa.selenium.remote.ElementLocation.findElement(ElementLocation.java:59)
	at org.openqa.selenium.remote.RemoteWebDriver.findElement(RemoteWebDriver.java:360)
	at org.openqa.selenium.remote.RemoteWebDriver.findElement(RemoteWebDriver.java:354)
	at org.openqa.selenium.support.pagefactory.DefaultElementLocator.findElement(DefaultElementLocator.java:68)
	at org.openqa.selenium.support.pagefactory.internal.LocatingElementHandler.invoke(LocatingElementHandler.java:38)
	at jdk.proxy2/jdk.proxy2.$Proxy20.isDisplayed(Unknown Source)
	at org.openqa.selenium.support.ui.ExpectedConditions.elementIfVisible(ExpectedConditions.java:304)
	at org.openqa.selenium.support.ui.ExpectedConditions$10.apply(ExpectedConditions.java:290)
	at org.openqa.selenium.support.ui.ExpectedConditions$10.apply(ExpectedConditions.java:287)
	at org.openqa.selenium.support.ui.FluentWait.until(FluentWait.java:204)
	... 31 more
... Removed 32 stack frames</pre></div><a href='#' onClick='toggleBox("stack-trace1429530353", this, "Click to show all stack frames", "Click to hide stack frames")'>Click to show all stack frames</a>
<div class='stack-trace' id='stack-trace1429530353'><pre>org.openqa.selenium.TimeoutException: Expected condition failed: waiting for visibility of Proxy element for: DefaultElementLocator &apos;By.xpath: //p[contains(text(),&apos;Charity Name*&apos;)]/following-sibling::input&apos; (tried for 10 second(s) with 500 milliseconds interval)
	at org.openqa.selenium.support.ui.WebDriverWait.timeoutException(WebDriverWait.java:84)
	at org.openqa.selenium.support.ui.FluentWait.until(FluentWait.java:229)
	at com.nspl.agingoptions.webUtil.WebUtil.waitUntilPresentInUI(WebUtil.java:2012)
	at com.agingoptions.finance.Non_Retirement_And_RetirementPage.waitUntilCharityModalIsOpen(Non_Retirement_And_RetirementPage.java:208)
	at com.nspl.agingoptions.financepage.testcases.Non_RetirementTestCases.FTC02_Non_RetirementSaveAddAnotherButton(Non_RetirementTestCases.java:158)
	at java.base/jdk.internal.reflect.NativeMethodAccessorImpl.invoke0(Native Method)
	at java.base/jdk.internal.reflect.NativeMethodAccessorImpl.invoke(NativeMethodAccessorImpl.java:77)
	at java.base/jdk.internal.reflect.DelegatingMethodAccessorImpl.invoke(DelegatingMethodAccessorImpl.java:43)
	at java.base/java.lang.reflect.Method.invoke(Method.java:568)
	at org.testng.internal.invokers.MethodInvocationHelper.invokeMethod(MethodInvocationHelper.java:141)
	at org.testng.internal.invokers.TestInvoker.invokeMethod(TestInvoker.java:687)
	at org.testng.internal.invokers.TestInvoker.invokeTestMethod(TestInvoker.java:230)
	at org.testng.internal.invokers.MethodRunner.runInSequence(MethodRunner.java:63)
	at org.testng.internal.invokers.TestInvoker$MethodInvocationAgent.invoke(TestInvoker.java:995)
	at org.testng.internal.invokers.TestInvoker.invokeTestMethods(TestInvoker.java:203)
	at org.testng.internal.invokers.TestMethodWorker.invokeTestMethods(TestMethodWorker.java:154)
	at org.testng.internal.invokers.TestMethodWorker.run(TestMethodWorker.java:134)
	at java.base/java.util.ArrayList.forEach(ArrayList.java:1511)
	at org.testng.TestRunner.privateRun(TestRunner.java:741)
	at org.testng.TestRunner.run(TestRunner.java:616)
	at org.testng.SuiteRunner.runTest(SuiteRunner.java:421)
	at org.testng.SuiteRunner.runSequentially(SuiteRunner.java:413)
	at org.testng.SuiteRunner.privateRun(SuiteRunner.java:373)
	at org.testng.SuiteRunner.run(SuiteRunner.java:312)
	at org.testng.SuiteRunnerWorker.runSuite(SuiteRunnerWorker.java:52)
	at org.testng.SuiteRunnerWorker.run(SuiteRunnerWorker.java:95)
	at org.testng.TestNG.runSuitesSequentially(TestNG.java:1274)
	at org.testng.TestNG.runSuitesLocally(TestNG.java:1208)
	at org.testng.TestNG.runSuites(TestNG.java:1112)
	at org.testng.TestNG.run(TestNG.java:1079)
	at org.testng.remote.AbstractRemoteTestNG.run(AbstractRemoteTestNG.java:115)
	at org.testng.remote.RemoteTestNG.initAndRun(RemoteTestNG.java:293)
	at org.testng.remote.RemoteTestNG.main(RemoteTestNG.java:91)
Caused by: org.openqa.selenium.NoSuchElementException: no such element: Unable to locate element: {&quot;method&quot;:&quot;xpath&quot;,&quot;selector&quot;:&quot;//p[contains(text(),&apos;Charity Name*&apos;)]/following-sibling::input&quot;}
  (Session info: chrome=136.0.7103.114)
For documentation on this error, please visit: https://www.selenium.dev/documentation/webdriver/troubleshooting/errors#no-such-element-exception
Build info: version: &apos;4.16.1&apos;, revision: &apos;9b4c83354e&apos;
System info: os.name: &apos;Windows 10&apos;, os.arch: &apos;amd64&apos;, os.version: &apos;10.0&apos;, java.version: &apos;17.0.12&apos;
Driver info: org.openqa.selenium.chrome.ChromeDriver
Command: [28a448206b32bd527af4aa73b346ec89, findElement {using=xpath, value=//p[contains(text(),&apos;Charity Name*&apos;)]/following-sibling::input}]
Capabilities {acceptInsecureCerts: false, browserName: chrome, browserVersion: 136.0.7103.114, chrome: {chromedriverVersion: 135.0.7049.95 (de2eb485a195..., userDataDir: C:\Users\AO\AppData\Local\T...}, fedcm:accounts: true, goog:chromeOptions: {debuggerAddress: localhost:53778}, networkConnectionEnabled: false, pageLoadStrategy: normal, platformName: windows, proxy: Proxy(), se:cdp: ws://localhost:53778/devtoo..., se:cdpVersion: 136.0.7103.114, setWindowRect: true, strictFileInteractability: false, timeouts: {implicit: 0, pageLoad: 300000, script: 30000}, unhandledPromptBehavior: dismiss and notify, webauthn:extension:credBlob: true, webauthn:extension:largeBlob: true, webauthn:extension:minPinLength: true, webauthn:extension:prf: true, webauthn:virtualAuthenticators: true}
Session ID: 28a448206b32bd527af4aa73b346ec89
	at java.base/jdk.internal.reflect.NativeConstructorAccessorImpl.newInstance0(Native Method)
	at java.base/jdk.internal.reflect.NativeConstructorAccessorImpl.newInstance(NativeConstructorAccessorImpl.java:77)
	at java.base/jdk.internal.reflect.DelegatingConstructorAccessorImpl.newInstance(DelegatingConstructorAccessorImpl.java:45)
	at java.base/java.lang.reflect.Constructor.newInstanceWithCaller(Constructor.java:499)
	at java.base/java.lang.reflect.Constructor.newInstance(Constructor.java:480)
	at org.openqa.selenium.remote.codec.w3c.W3CHttpResponseCodec.createException(W3CHttpResponseCodec.java:200)
	at org.openqa.selenium.remote.codec.w3c.W3CHttpResponseCodec.decode(W3CHttpResponseCodec.java:133)
	at org.openqa.selenium.remote.codec.w3c.W3CHttpResponseCodec.decode(W3CHttpResponseCodec.java:52)
	at org.openqa.selenium.remote.HttpCommandExecutor.execute(HttpCommandExecutor.java:191)
	at org.openqa.selenium.remote.service.DriverCommandExecutor.invokeExecute(DriverCommandExecutor.java:200)
	at org.openqa.selenium.remote.service.DriverCommandExecutor.execute(DriverCommandExecutor.java:175)
	at org.openqa.selenium.remote.RemoteWebDriver.execute(RemoteWebDriver.java:523)
	at org.openqa.selenium.remote.ElementLocation$ElementFinder$2.findElement(ElementLocation.java:165)
	at org.openqa.selenium.remote.ElementLocation.findElement(ElementLocation.java:59)
	at org.openqa.selenium.remote.RemoteWebDriver.findElement(RemoteWebDriver.java:360)
	at org.openqa.selenium.remote.RemoteWebDriver.findElement(RemoteWebDriver.java:354)
	at org.openqa.selenium.support.pagefactory.DefaultElementLocator.findElement(DefaultElementLocator.java:68)
	at org.openqa.selenium.support.pagefactory.internal.LocatingElementHandler.invoke(LocatingElementHandler.java:38)
	at jdk.proxy2/jdk.proxy2.$Proxy20.isDisplayed(Unknown Source)
	at org.openqa.selenium.support.ui.ExpectedConditions.elementIfVisible(ExpectedConditions.java:304)
	at org.openqa.selenium.support.ui.ExpectedConditions$10.apply(ExpectedConditions.java:290)
	at org.openqa.selenium.support.ui.ExpectedConditions$10.apply(ExpectedConditions.java:287)
	at org.openqa.selenium.support.ui.FluentWait.until(FluentWait.java:204)
	... 31 more
</pre></div></td>
<td>168</td>
<td>com.nspl.agingoptions.financepage.testcases.Non_RetirementTestCases@2e377400</td></tr>
<tr>
<td title='com.nspl.agingoptions.financepage.testcases.LiabilitiesTestCases.FTC_029_LiabilitiesSaveContinueLaterButton()'><b>FTC_029_LiabilitiesSaveContinueLaterButton</b><br>Test class: com.nspl.agingoptions.financepage.testcases.LiabilitiesTestCases</td>
<td><div><pre>org.openqa.selenium.NoSuchElementException: no such element: Unable to locate element: {&quot;method&quot;:&quot;xpath&quot;,&quot;selector&quot;:&quot;//td[contains(text(),&apos;Credit Cards&apos;)]//following-sibling::td//img[@alt=&apos;Edit Icon&apos;]&quot;}
  (Session info: chrome=136.0.7103.114)
For documentation on this error, please visit: https://www.selenium.dev/documentation/webdriver/troubleshooting/errors#no-such-element-exception
Build info: version: &apos;4.16.1&apos;, revision: &apos;9b4c83354e&apos;
System info: os.name: &apos;Windows 10&apos;, os.arch: &apos;amd64&apos;, os.version: &apos;10.0&apos;, java.version: &apos;17.0.12&apos;
Driver info: org.openqa.selenium.chrome.ChromeDriver
Command: [28a448206b32bd527af4aa73b346ec89, findElement {using=xpath, value=//td[contains(text(),&apos;Credit Cards&apos;)]//following-sibling::td//img[@alt=&apos;Edit Icon&apos;]}]
Capabilities {acceptInsecureCerts: false, browserName: chrome, browserVersion: 136.0.7103.114, chrome: {chromedriverVersion: 135.0.7049.95 (de2eb485a195..., userDataDir: C:\Users\AO\AppData\Local\T...}, fedcm:accounts: true, goog:chromeOptions: {debuggerAddress: localhost:53778}, networkConnectionEnabled: false, pageLoadStrategy: normal, platformName: windows, proxy: Proxy(), se:cdp: ws://localhost:53778/devtoo..., se:cdpVersion: 136.0.7103.114, setWindowRect: true, strictFileInteractability: false, timeouts: {implicit: 0, pageLoad: 300000, script: 30000}, unhandledPromptBehavior: dismiss and notify, webauthn:extension:credBlob: true, webauthn:extension:largeBlob: true, webauthn:extension:minPinLength: true, webauthn:extension:prf: true, webauthn:virtualAuthenticators: true}
Session ID: 28a448206b32bd527af4aa73b346ec89
	at org.openqa.selenium.remote.codec.w3c.W3CHttpResponseCodec.createException(W3CHttpResponseCodec.java:200)
	at org.openqa.selenium.remote.codec.w3c.W3CHttpResponseCodec.decode(W3CHttpResponseCodec.java:133)
	at org.openqa.selenium.remote.codec.w3c.W3CHttpResponseCodec.decode(W3CHttpResponseCodec.java:52)
	at org.openqa.selenium.remote.HttpCommandExecutor.execute(HttpCommandExecutor.java:191)
	at org.openqa.selenium.remote.service.DriverCommandExecutor.invokeExecute(DriverCommandExecutor.java:200)
	at org.openqa.selenium.remote.service.DriverCommandExecutor.execute(DriverCommandExecutor.java:175)
	at org.openqa.selenium.remote.RemoteWebDriver.execute(RemoteWebDriver.java:523)
	at org.openqa.selenium.remote.ElementLocation$ElementFinder$2.findElement(ElementLocation.java:165)
=======
<td title='com.nspl.LegalInfoTestScript.FiduciaryBeneficiaryTestScript.VerifyWhenWeMakeSpecialNeedsMemberAsFiduciary()'><b>VerifyWhenWeMakeSpecialNeedsMemberAsFiduciary</b><br>Test class: com.nspl.LegalInfoTestScript.FiduciaryBeneficiaryTestScript</td>
<td><div><pre>org.openqa.selenium.NoSuchElementException: Unable to find element with locator By.xpath: (//div[@class=&apos;NewRegImg mt-lg-0&apos;])[1]//img
For documentation on this error, please visit: https://www.selenium.dev/documentation/webdriver/troubleshooting/errors#no-such-element-exception
Build info: version: &apos;4.16.1&apos;, revision: &apos;9b4c83354e&apos;
System info: os.name: &apos;Windows 11&apos;, os.arch: &apos;amd64&apos;, os.version: &apos;10.0&apos;, java.version: &apos;17.0.12&apos;
Driver info: driver.version: RemoteWebDriver
	at org.openqa.selenium.remote.ElementLocation$ElementFinder$2.findElement(ElementLocation.java:168)
>>>>>>> fc9139160fa8997a38dbc6a92c4d76744cdb234e
	at org.openqa.selenium.remote.ElementLocation.findElement(ElementLocation.java:59)
	at org.openqa.selenium.remote.RemoteWebDriver.findElement(RemoteWebDriver.java:360)
	at org.openqa.selenium.remote.RemoteWebDriver.findElement(RemoteWebDriver.java:354)
	at org.openqa.selenium.support.pagefactory.DefaultElementLocator.findElement(DefaultElementLocator.java:68)
	at org.openqa.selenium.support.pagefactory.internal.LocatingElementHandler.invoke(LocatingElementHandler.java:38)
	at jdk.proxy2/jdk.proxy2.$Proxy20.click(Unknown Source)
<<<<<<< HEAD
	at com.nspl.agingoptions.webUtil.WebUtil.click(WebUtil.java:330)
	at com.agingoptions.finance.Liabilities.clickCreditCardEditIcon(Liabilities.java:166)
	at com.nspl.agingoptions.financepage.testcases.LiabilitiesTestCases.FTC_029_LiabilitiesSaveContinueLaterButton(LiabilitiesTestCases.java:49)
	at java.base/java.util.ArrayList.forEach(ArrayList.java:1511)
... Removed 32 stack frames</pre></div><a href='#' onClick='toggleBox("stack-trace275213440", this, "Click to show all stack frames", "Click to hide stack frames")'>Click to show all stack frames</a>
<div class='stack-trace' id='stack-trace275213440'><pre>org.openqa.selenium.NoSuchElementException: no such element: Unable to locate element: {&quot;method&quot;:&quot;xpath&quot;,&quot;selector&quot;:&quot;//td[contains(text(),&apos;Credit Cards&apos;)]//following-sibling::td//img[@alt=&apos;Edit Icon&apos;]&quot;}
  (Session info: chrome=136.0.7103.114)
For documentation on this error, please visit: https://www.selenium.dev/documentation/webdriver/troubleshooting/errors#no-such-element-exception
Build info: version: &apos;4.16.1&apos;, revision: &apos;9b4c83354e&apos;
System info: os.name: &apos;Windows 10&apos;, os.arch: &apos;amd64&apos;, os.version: &apos;10.0&apos;, java.version: &apos;17.0.12&apos;
Driver info: org.openqa.selenium.chrome.ChromeDriver
Command: [28a448206b32bd527af4aa73b346ec89, findElement {using=xpath, value=//td[contains(text(),&apos;Credit Cards&apos;)]//following-sibling::td//img[@alt=&apos;Edit Icon&apos;]}]
Capabilities {acceptInsecureCerts: false, browserName: chrome, browserVersion: 136.0.7103.114, chrome: {chromedriverVersion: 135.0.7049.95 (de2eb485a195..., userDataDir: C:\Users\AO\AppData\Local\T...}, fedcm:accounts: true, goog:chromeOptions: {debuggerAddress: localhost:53778}, networkConnectionEnabled: false, pageLoadStrategy: normal, platformName: windows, proxy: Proxy(), se:cdp: ws://localhost:53778/devtoo..., se:cdpVersion: 136.0.7103.114, setWindowRect: true, strictFileInteractability: false, timeouts: {implicit: 0, pageLoad: 300000, script: 30000}, unhandledPromptBehavior: dismiss and notify, webauthn:extension:credBlob: true, webauthn:extension:largeBlob: true, webauthn:extension:minPinLength: true, webauthn:extension:prf: true, webauthn:virtualAuthenticators: true}
Session ID: 28a448206b32bd527af4aa73b346ec89
	at java.base/jdk.internal.reflect.NativeConstructorAccessorImpl.newInstance0(Native Method)
	at java.base/jdk.internal.reflect.NativeConstructorAccessorImpl.newInstance(NativeConstructorAccessorImpl.java:77)
	at java.base/jdk.internal.reflect.DelegatingConstructorAccessorImpl.newInstance(DelegatingConstructorAccessorImpl.java:45)
	at java.base/java.lang.reflect.Constructor.newInstanceWithCaller(Constructor.java:499)
	at java.base/java.lang.reflect.Constructor.newInstance(Constructor.java:480)
	at org.openqa.selenium.remote.codec.w3c.W3CHttpResponseCodec.createException(W3CHttpResponseCodec.java:200)
	at org.openqa.selenium.remote.codec.w3c.W3CHttpResponseCodec.decode(W3CHttpResponseCodec.java:133)
	at org.openqa.selenium.remote.codec.w3c.W3CHttpResponseCodec.decode(W3CHttpResponseCodec.java:52)
	at org.openqa.selenium.remote.HttpCommandExecutor.execute(HttpCommandExecutor.java:191)
	at org.openqa.selenium.remote.service.DriverCommandExecutor.invokeExecute(DriverCommandExecutor.java:200)
	at org.openqa.selenium.remote.service.DriverCommandExecutor.execute(DriverCommandExecutor.java:175)
	at org.openqa.selenium.remote.RemoteWebDriver.execute(RemoteWebDriver.java:523)
	at org.openqa.selenium.remote.ElementLocation$ElementFinder$2.findElement(ElementLocation.java:165)
=======
	at com.nspl.agingoptions.webUtil.WebUtil.click(WebUtil.java:335)
	at com.nspl.agingoptions.commoncode.CommonCode.createLifePlanningUser(CommonCode.java:96)
	at com.nspl.agingoptions.commoncode.CommonCode.LoginWithNewMarriedUser(CommonCode.java:146)
	at com.nspl.agingoptions.webUtil.BaseTest.beforeTest(BaseTest.java:52)
... Removed 24 stack frames</pre></div><a href='#' onClick='toggleBox("stack-trace846072718", this, "Click to show all stack frames", "Click to hide stack frames")'>Click to show all stack frames</a>
<div class='stack-trace' id='stack-trace846072718'><pre>org.openqa.selenium.NoSuchElementException: Unable to find element with locator By.xpath: (//div[@class=&apos;NewRegImg mt-lg-0&apos;])[1]//img
For documentation on this error, please visit: https://www.selenium.dev/documentation/webdriver/troubleshooting/errors#no-such-element-exception
Build info: version: &apos;4.16.1&apos;, revision: &apos;9b4c83354e&apos;
System info: os.name: &apos;Windows 11&apos;, os.arch: &apos;amd64&apos;, os.version: &apos;10.0&apos;, java.version: &apos;17.0.12&apos;
Driver info: driver.version: RemoteWebDriver
	at org.openqa.selenium.remote.ElementLocation$ElementFinder$2.findElement(ElementLocation.java:168)
>>>>>>> fc9139160fa8997a38dbc6a92c4d76744cdb234e
	at org.openqa.selenium.remote.ElementLocation.findElement(ElementLocation.java:59)
	at org.openqa.selenium.remote.RemoteWebDriver.findElement(RemoteWebDriver.java:360)
	at org.openqa.selenium.remote.RemoteWebDriver.findElement(RemoteWebDriver.java:354)
	at org.openqa.selenium.support.pagefactory.DefaultElementLocator.findElement(DefaultElementLocator.java:68)
	at org.openqa.selenium.support.pagefactory.internal.LocatingElementHandler.invoke(LocatingElementHandler.java:38)
	at jdk.proxy2/jdk.proxy2.$Proxy20.click(Unknown Source)
<<<<<<< HEAD
	at com.nspl.agingoptions.webUtil.WebUtil.click(WebUtil.java:330)
	at com.agingoptions.finance.Liabilities.clickCreditCardEditIcon(Liabilities.java:166)
	at com.nspl.agingoptions.financepage.testcases.LiabilitiesTestCases.FTC_029_LiabilitiesSaveContinueLaterButton(LiabilitiesTestCases.java:49)
=======
	at com.nspl.agingoptions.webUtil.WebUtil.click(WebUtil.java:335)
	at com.nspl.agingoptions.commoncode.CommonCode.createLifePlanningUser(CommonCode.java:96)
	at com.nspl.agingoptions.commoncode.CommonCode.LoginWithNewMarriedUser(CommonCode.java:146)
	at com.nspl.agingoptions.webUtil.BaseTest.beforeTest(BaseTest.java:52)
>>>>>>> fc9139160fa8997a38dbc6a92c4d76744cdb234e
	at java.base/jdk.internal.reflect.NativeMethodAccessorImpl.invoke0(Native Method)
	at java.base/jdk.internal.reflect.NativeMethodAccessorImpl.invoke(NativeMethodAccessorImpl.java:77)
	at java.base/jdk.internal.reflect.DelegatingMethodAccessorImpl.invoke(DelegatingMethodAccessorImpl.java:43)
	at java.base/java.lang.reflect.Method.invoke(Method.java:568)
	at org.testng.internal.invokers.MethodInvocationHelper.invokeMethod(MethodInvocationHelper.java:141)
	at org.testng.internal.invokers.MethodInvocationHelper.invokeMethodConsideringTimeout(MethodInvocationHelper.java:71)
	at org.testng.internal.invokers.ConfigInvoker.invokeConfigurationMethod(ConfigInvoker.java:400)
	at org.testng.internal.invokers.ConfigInvoker.invokeConfigurations(ConfigInvoker.java:333)
	at org.testng.TestRunner.invokeTestConfigurations(TestRunner.java:655)
	at org.testng.TestRunner.beforeRun(TestRunner.java:644)
	at org.testng.TestRunner.run(TestRunner.java:610)
	at org.testng.SuiteRunner.runTest(SuiteRunner.java:421)
	at org.testng.SuiteRunner.runSequentially(SuiteRunner.java:413)
	at org.testng.SuiteRunner.privateRun(SuiteRunner.java:373)
	at org.testng.SuiteRunner.run(SuiteRunner.java:312)
	at org.testng.SuiteRunnerWorker.runSuite(SuiteRunnerWorker.java:52)
	at org.testng.SuiteRunnerWorker.run(SuiteRunnerWorker.java:95)
	at org.testng.TestNG.runSuitesSequentially(TestNG.java:1274)
	at org.testng.TestNG.runSuitesLocally(TestNG.java:1208)
	at org.testng.TestNG.runSuites(TestNG.java:1112)
	at org.testng.TestNG.run(TestNG.java:1079)
	at org.testng.remote.AbstractRemoteTestNG.run(AbstractRemoteTestNG.java:115)
	at org.testng.remote.RemoteTestNG.initAndRun(RemoteTestNG.java:293)
	at org.testng.remote.RemoteTestNG.main(RemoteTestNG.java:91)
</pre></div></td>
<<<<<<< HEAD
<td>63</td>
<td>com.nspl.agingoptions.financepage.testcases.LiabilitiesTestCases@ed7f8b4</td></tr>
<tr>
<td title='com.nspl.agingoptions.financepage.testcases.BusinessInterestTestCases.FTC_011_BusinessInterestSaveAddAnotherButton()'><b>FTC_011_BusinessInterestSaveAddAnotherButton</b><br>Test class: com.nspl.agingoptions.financepage.testcases.BusinessInterestTestCases</td>
<td><div><pre>org.openqa.selenium.NoSuchElementException: no such element: Unable to locate element: {&quot;method&quot;:&quot;xpath&quot;,&quot;selector&quot;:&quot;//td[contains(text(),&apos;Partnership&apos;)]/following-sibling::td/div/img[@alt=&apos;Edit Icon&apos;]&quot;}
  (Session info: chrome=136.0.7103.114)
For documentation on this error, please visit: https://www.selenium.dev/documentation/webdriver/troubleshooting/errors#no-such-element-exception
Build info: version: &apos;4.16.1&apos;, revision: &apos;9b4c83354e&apos;
System info: os.name: &apos;Windows 10&apos;, os.arch: &apos;amd64&apos;, os.version: &apos;10.0&apos;, java.version: &apos;17.0.12&apos;
Driver info: org.openqa.selenium.chrome.ChromeDriver
Command: [28a448206b32bd527af4aa73b346ec89, findElement {using=xpath, value=//td[contains(text(),&apos;Partnership&apos;)]/following-sibling::td/div/img[@alt=&apos;Edit Icon&apos;]}]
Capabilities {acceptInsecureCerts: false, browserName: chrome, browserVersion: 136.0.7103.114, chrome: {chromedriverVersion: 135.0.7049.95 (de2eb485a195..., userDataDir: C:\Users\AO\AppData\Local\T...}, fedcm:accounts: true, goog:chromeOptions: {debuggerAddress: localhost:53778}, networkConnectionEnabled: false, pageLoadStrategy: normal, platformName: windows, proxy: Proxy(), se:cdp: ws://localhost:53778/devtoo..., se:cdpVersion: 136.0.7103.114, setWindowRect: true, strictFileInteractability: false, timeouts: {implicit: 0, pageLoad: 300000, script: 30000}, unhandledPromptBehavior: dismiss and notify, webauthn:extension:credBlob: true, webauthn:extension:largeBlob: true, webauthn:extension:minPinLength: true, webauthn:extension:prf: true, webauthn:virtualAuthenticators: true}
Session ID: 28a448206b32bd527af4aa73b346ec89
	at org.openqa.selenium.remote.codec.w3c.W3CHttpResponseCodec.createException(W3CHttpResponseCodec.java:200)
	at org.openqa.selenium.remote.codec.w3c.W3CHttpResponseCodec.decode(W3CHttpResponseCodec.java:133)
	at org.openqa.selenium.remote.codec.w3c.W3CHttpResponseCodec.decode(W3CHttpResponseCodec.java:52)
	at org.openqa.selenium.remote.HttpCommandExecutor.execute(HttpCommandExecutor.java:191)
	at org.openqa.selenium.remote.service.DriverCommandExecutor.invokeExecute(DriverCommandExecutor.java:200)
	at org.openqa.selenium.remote.service.DriverCommandExecutor.execute(DriverCommandExecutor.java:175)
	at org.openqa.selenium.remote.RemoteWebDriver.execute(RemoteWebDriver.java:523)
	at org.openqa.selenium.remote.ElementLocation$ElementFinder$2.findElement(ElementLocation.java:165)
=======
<td>0</td>
<td>com.nspl.LegalInfoTestScript.FiduciaryBeneficiaryTestScript@d35dea7</td></tr>
<tr>
<td title='com.nspl.LegalInfoTestScript.FiduciaryBeneficiaryTestScript.verifyAgeValidationForFiduciary()'><b>verifyAgeValidationForFiduciary</b><br>Test class: com.nspl.LegalInfoTestScript.FiduciaryBeneficiaryTestScript</td>
<td><div><pre>org.openqa.selenium.NoSuchElementException: Unable to find element with locator By.xpath: (//div[@class=&apos;NewRegImg mt-lg-0&apos;])[1]//img
For documentation on this error, please visit: https://www.selenium.dev/documentation/webdriver/troubleshooting/errors#no-such-element-exception
Build info: version: &apos;4.16.1&apos;, revision: &apos;9b4c83354e&apos;
System info: os.name: &apos;Windows 11&apos;, os.arch: &apos;amd64&apos;, os.version: &apos;10.0&apos;, java.version: &apos;17.0.12&apos;
Driver info: driver.version: RemoteWebDriver
	at org.openqa.selenium.remote.ElementLocation$ElementFinder$2.findElement(ElementLocation.java:168)
>>>>>>> fc9139160fa8997a38dbc6a92c4d76744cdb234e
	at org.openqa.selenium.remote.ElementLocation.findElement(ElementLocation.java:59)
	at org.openqa.selenium.remote.RemoteWebDriver.findElement(RemoteWebDriver.java:360)
	at org.openqa.selenium.remote.RemoteWebDriver.findElement(RemoteWebDriver.java:354)
	at org.openqa.selenium.support.pagefactory.DefaultElementLocator.findElement(DefaultElementLocator.java:68)
	at org.openqa.selenium.support.pagefactory.internal.LocatingElementHandler.invoke(LocatingElementHandler.java:38)
	at jdk.proxy2/jdk.proxy2.$Proxy20.click(Unknown Source)
<<<<<<< HEAD
	at com.nspl.agingoptions.webUtil.WebUtil.click(WebUtil.java:330)
	at com.agingoptions.finance.BusinessInterest.clickPartnershipEditIcon(BusinessInterest.java:154)
	at com.nspl.agingoptions.financepage.testcases.BusinessInterestTestCases.FTC_011_BusinessInterestSaveAddAnotherButton(BusinessInterestTestCases.java:101)
	at java.base/java.util.ArrayList.forEach(ArrayList.java:1511)
... Removed 32 stack frames</pre></div><a href='#' onClick='toggleBox("stack-trace1227177247", this, "Click to show all stack frames", "Click to hide stack frames")'>Click to show all stack frames</a>
<div class='stack-trace' id='stack-trace1227177247'><pre>org.openqa.selenium.NoSuchElementException: no such element: Unable to locate element: {&quot;method&quot;:&quot;xpath&quot;,&quot;selector&quot;:&quot;//td[contains(text(),&apos;Partnership&apos;)]/following-sibling::td/div/img[@alt=&apos;Edit Icon&apos;]&quot;}
  (Session info: chrome=136.0.7103.114)
For documentation on this error, please visit: https://www.selenium.dev/documentation/webdriver/troubleshooting/errors#no-such-element-exception
Build info: version: &apos;4.16.1&apos;, revision: &apos;9b4c83354e&apos;
System info: os.name: &apos;Windows 10&apos;, os.arch: &apos;amd64&apos;, os.version: &apos;10.0&apos;, java.version: &apos;17.0.12&apos;
Driver info: org.openqa.selenium.chrome.ChromeDriver
Command: [28a448206b32bd527af4aa73b346ec89, findElement {using=xpath, value=//td[contains(text(),&apos;Partnership&apos;)]/following-sibling::td/div/img[@alt=&apos;Edit Icon&apos;]}]
Capabilities {acceptInsecureCerts: false, browserName: chrome, browserVersion: 136.0.7103.114, chrome: {chromedriverVersion: 135.0.7049.95 (de2eb485a195..., userDataDir: C:\Users\AO\AppData\Local\T...}, fedcm:accounts: true, goog:chromeOptions: {debuggerAddress: localhost:53778}, networkConnectionEnabled: false, pageLoadStrategy: normal, platformName: windows, proxy: Proxy(), se:cdp: ws://localhost:53778/devtoo..., se:cdpVersion: 136.0.7103.114, setWindowRect: true, strictFileInteractability: false, timeouts: {implicit: 0, pageLoad: 300000, script: 30000}, unhandledPromptBehavior: dismiss and notify, webauthn:extension:credBlob: true, webauthn:extension:largeBlob: true, webauthn:extension:minPinLength: true, webauthn:extension:prf: true, webauthn:virtualAuthenticators: true}
Session ID: 28a448206b32bd527af4aa73b346ec89
	at java.base/jdk.internal.reflect.NativeConstructorAccessorImpl.newInstance0(Native Method)
	at java.base/jdk.internal.reflect.NativeConstructorAccessorImpl.newInstance(NativeConstructorAccessorImpl.java:77)
	at java.base/jdk.internal.reflect.DelegatingConstructorAccessorImpl.newInstance(DelegatingConstructorAccessorImpl.java:45)
	at java.base/java.lang.reflect.Constructor.newInstanceWithCaller(Constructor.java:499)
	at java.base/java.lang.reflect.Constructor.newInstance(Constructor.java:480)
	at org.openqa.selenium.remote.codec.w3c.W3CHttpResponseCodec.createException(W3CHttpResponseCodec.java:200)
	at org.openqa.selenium.remote.codec.w3c.W3CHttpResponseCodec.decode(W3CHttpResponseCodec.java:133)
	at org.openqa.selenium.remote.codec.w3c.W3CHttpResponseCodec.decode(W3CHttpResponseCodec.java:52)
	at org.openqa.selenium.remote.HttpCommandExecutor.execute(HttpCommandExecutor.java:191)
	at org.openqa.selenium.remote.service.DriverCommandExecutor.invokeExecute(DriverCommandExecutor.java:200)
	at org.openqa.selenium.remote.service.DriverCommandExecutor.execute(DriverCommandExecutor.java:175)
	at org.openqa.selenium.remote.RemoteWebDriver.execute(RemoteWebDriver.java:523)
	at org.openqa.selenium.remote.ElementLocation$ElementFinder$2.findElement(ElementLocation.java:165)
=======
	at com.nspl.agingoptions.webUtil.WebUtil.click(WebUtil.java:335)
	at com.nspl.agingoptions.commoncode.CommonCode.createLifePlanningUser(CommonCode.java:96)
	at com.nspl.agingoptions.commoncode.CommonCode.LoginWithNewMarriedUser(CommonCode.java:146)
	at com.nspl.agingoptions.webUtil.BaseTest.beforeTest(BaseTest.java:52)
... Removed 24 stack frames</pre></div><a href='#' onClick='toggleBox("stack-trace878205641", this, "Click to show all stack frames", "Click to hide stack frames")'>Click to show all stack frames</a>
<div class='stack-trace' id='stack-trace878205641'><pre>org.openqa.selenium.NoSuchElementException: Unable to find element with locator By.xpath: (//div[@class=&apos;NewRegImg mt-lg-0&apos;])[1]//img
For documentation on this error, please visit: https://www.selenium.dev/documentation/webdriver/troubleshooting/errors#no-such-element-exception
Build info: version: &apos;4.16.1&apos;, revision: &apos;9b4c83354e&apos;
System info: os.name: &apos;Windows 11&apos;, os.arch: &apos;amd64&apos;, os.version: &apos;10.0&apos;, java.version: &apos;17.0.12&apos;
Driver info: driver.version: RemoteWebDriver
	at org.openqa.selenium.remote.ElementLocation$ElementFinder$2.findElement(ElementLocation.java:168)
>>>>>>> fc9139160fa8997a38dbc6a92c4d76744cdb234e
	at org.openqa.selenium.remote.ElementLocation.findElement(ElementLocation.java:59)
	at org.openqa.selenium.remote.RemoteWebDriver.findElement(RemoteWebDriver.java:360)
	at org.openqa.selenium.remote.RemoteWebDriver.findElement(RemoteWebDriver.java:354)
	at org.openqa.selenium.support.pagefactory.DefaultElementLocator.findElement(DefaultElementLocator.java:68)
	at org.openqa.selenium.support.pagefactory.internal.LocatingElementHandler.invoke(LocatingElementHandler.java:38)
	at jdk.proxy2/jdk.proxy2.$Proxy20.click(Unknown Source)
<<<<<<< HEAD
	at com.nspl.agingoptions.webUtil.WebUtil.click(WebUtil.java:330)
	at com.agingoptions.finance.BusinessInterest.clickPartnershipEditIcon(BusinessInterest.java:154)
	at com.nspl.agingoptions.financepage.testcases.BusinessInterestTestCases.FTC_011_BusinessInterestSaveAddAnotherButton(BusinessInterestTestCases.java:101)
=======
	at com.nspl.agingoptions.webUtil.WebUtil.click(WebUtil.java:335)
	at com.nspl.agingoptions.commoncode.CommonCode.createLifePlanningUser(CommonCode.java:96)
	at com.nspl.agingoptions.commoncode.CommonCode.LoginWithNewMarriedUser(CommonCode.java:146)
	at com.nspl.agingoptions.webUtil.BaseTest.beforeTest(BaseTest.java:52)
>>>>>>> fc9139160fa8997a38dbc6a92c4d76744cdb234e
	at java.base/jdk.internal.reflect.NativeMethodAccessorImpl.invoke0(Native Method)
	at java.base/jdk.internal.reflect.NativeMethodAccessorImpl.invoke(NativeMethodAccessorImpl.java:77)
	at java.base/jdk.internal.reflect.DelegatingMethodAccessorImpl.invoke(DelegatingMethodAccessorImpl.java:43)
	at java.base/java.lang.reflect.Method.invoke(Method.java:568)
	at org.testng.internal.invokers.MethodInvocationHelper.invokeMethod(MethodInvocationHelper.java:141)
	at org.testng.internal.invokers.MethodInvocationHelper.invokeMethodConsideringTimeout(MethodInvocationHelper.java:71)
	at org.testng.internal.invokers.ConfigInvoker.invokeConfigurationMethod(ConfigInvoker.java:400)
	at org.testng.internal.invokers.ConfigInvoker.invokeConfigurations(ConfigInvoker.java:333)
	at org.testng.TestRunner.invokeTestConfigurations(TestRunner.java:655)
	at org.testng.TestRunner.beforeRun(TestRunner.java:644)
	at org.testng.TestRunner.run(TestRunner.java:610)
	at org.testng.SuiteRunner.runTest(SuiteRunner.java:421)
	at org.testng.SuiteRunner.runSequentially(SuiteRunner.java:413)
	at org.testng.SuiteRunner.privateRun(SuiteRunner.java:373)
	at org.testng.SuiteRunner.run(SuiteRunner.java:312)
	at org.testng.SuiteRunnerWorker.runSuite(SuiteRunnerWorker.java:52)
	at org.testng.SuiteRunnerWorker.run(SuiteRunnerWorker.java:95)
	at org.testng.TestNG.runSuitesSequentially(TestNG.java:1274)
	at org.testng.TestNG.runSuitesLocally(TestNG.java:1208)
	at org.testng.TestNG.runSuites(TestNG.java:1112)
	at org.testng.TestNG.run(TestNG.java:1079)
	at org.testng.remote.AbstractRemoteTestNG.run(AbstractRemoteTestNG.java:115)
	at org.testng.remote.RemoteTestNG.initAndRun(RemoteTestNG.java:293)
	at org.testng.remote.RemoteTestNG.main(RemoteTestNG.java:91)
</pre></div></td>
<<<<<<< HEAD
<td>139</td>
<td>com.nspl.agingoptions.financepage.testcases.BusinessInterestTestCases@6aaceffd</td></tr>
<tr>
<td title='com.nspl.agingoptions.financepage.testcases.LifeInsuranceTestCases.FTC_021_SpouseLifeInsuranceNextLongTermCarePolicyButton()'><b>FTC_021_SpouseLifeInsuranceNextLongTermCarePolicyButton</b><br>Test class: com.nspl.agingoptions.financepage.testcases.LifeInsuranceTestCases</td>
<td><div><pre>java.lang.AssertionError: expected [Quarterly] but found []
	at com.nspl.agingoptions.webUtil.WebUtil.verifyActualExpectedText(WebUtil.java:865)
	at com.nspl.agingoptions.financepage.testcases.LifeInsuranceTestCases.FTC_021_SpouseLifeInsuranceNextLongTermCarePolicyButton(LifeInsuranceTestCases.java:484)
	at java.base/java.util.ArrayList.forEach(ArrayList.java:1511)
... Removed 33 stack frames</pre></div><a href='#' onClick='toggleBox("stack-trace1114225943", this, "Click to show all stack frames", "Click to hide stack frames")'>Click to show all stack frames</a>
<div class='stack-trace' id='stack-trace1114225943'><pre>java.lang.AssertionError: expected [Quarterly] but found []
	at org.testng.Assert.fail(Assert.java:111)
	at org.testng.Assert.failNotEquals(Assert.java:1590)
	at org.testng.Assert.assertEqualsImpl(Assert.java:150)
	at org.testng.Assert.assertEquals(Assert.java:132)
	at org.testng.Assert.assertEquals(Assert.java:656)
	at org.testng.Assert.assertEquals(Assert.java:666)
	at com.nspl.agingoptions.webUtil.WebUtil.verifyActualExpectedText(WebUtil.java:865)
	at com.nspl.agingoptions.financepage.testcases.LifeInsuranceTestCases.FTC_021_SpouseLifeInsuranceNextLongTermCarePolicyButton(LifeInsuranceTestCases.java:484)
	at java.base/jdk.internal.reflect.NativeMethodAccessorImpl.invoke0(Native Method)
	at java.base/jdk.internal.reflect.NativeMethodAccessorImpl.invoke(NativeMethodAccessorImpl.java:77)
	at java.base/jdk.internal.reflect.DelegatingMethodAccessorImpl.invoke(DelegatingMethodAccessorImpl.java:43)
	at java.base/java.lang.reflect.Method.invoke(Method.java:568)
	at org.testng.internal.invokers.MethodInvocationHelper.invokeMethod(MethodInvocationHelper.java:141)
	at org.testng.internal.invokers.TestInvoker.invokeMethod(TestInvoker.java:687)
	at org.testng.internal.invokers.TestInvoker.invokeTestMethod(TestInvoker.java:230)
	at org.testng.internal.invokers.MethodRunner.runInSequence(MethodRunner.java:63)
	at org.testng.internal.invokers.TestInvoker$MethodInvocationAgent.invoke(TestInvoker.java:995)
	at org.testng.internal.invokers.TestInvoker.invokeTestMethods(TestInvoker.java:203)
	at org.testng.internal.invokers.TestMethodWorker.invokeTestMethods(TestMethodWorker.java:154)
	at org.testng.internal.invokers.TestMethodWorker.run(TestMethodWorker.java:134)
	at java.base/java.util.ArrayList.forEach(ArrayList.java:1511)
	at org.testng.TestRunner.privateRun(TestRunner.java:741)
	at org.testng.TestRunner.run(TestRunner.java:616)
	at org.testng.SuiteRunner.runTest(SuiteRunner.java:421)
	at org.testng.SuiteRunner.runSequentially(SuiteRunner.java:413)
	at org.testng.SuiteRunner.privateRun(SuiteRunner.java:373)
	at org.testng.SuiteRunner.run(SuiteRunner.java:312)
	at org.testng.SuiteRunnerWorker.runSuite(SuiteRunnerWorker.java:52)
	at org.testng.SuiteRunnerWorker.run(SuiteRunnerWorker.java:95)
	at org.testng.TestNG.runSuitesSequentially(TestNG.java:1274)
	at org.testng.TestNG.runSuitesLocally(TestNG.java:1208)
	at org.testng.TestNG.runSuites(TestNG.java:1112)
	at org.testng.TestNG.run(TestNG.java:1079)
	at org.testng.remote.AbstractRemoteTestNG.run(AbstractRemoteTestNG.java:115)
	at org.testng.remote.RemoteTestNG.initAndRun(RemoteTestNG.java:293)
	at org.testng.remote.RemoteTestNG.main(RemoteTestNG.java:91)
</pre></div></td>
<td>37</td>
<td>com.nspl.agingoptions.financepage.testcases.LifeInsuranceTestCases@10aa41f2</td></tr>
<tr>
<td title='com.nspl.agingoptions.financepage.testcases.TaxInfoTestCases.FTC_036_PrimaryMemberInputTax2023SaveAndProceedToSpouseBT()'><b>FTC_036_PrimaryMemberInputTax2023SaveAndProceedToSpouseBT</b><br>Test class: com.nspl.agingoptions.financepage.testcases.TaxInfoTestCases</td>
<td><div><pre>org.openqa.selenium.NoSuchElementException: no such element: Unable to locate element: {&quot;method&quot;:&quot;xpath&quot;,&quot;selector&quot;:&quot;//p[contains(text(),&apos;2023&apos;)]/parent::td/following-sibling::td//img[@alt=&apos;Edit Icon&apos;]&quot;}
  (Session info: chrome=136.0.7103.114)
For documentation on this error, please visit: https://www.selenium.dev/documentation/webdriver/troubleshooting/errors#no-such-element-exception
Build info: version: &apos;4.16.1&apos;, revision: &apos;9b4c83354e&apos;
System info: os.name: &apos;Windows 10&apos;, os.arch: &apos;amd64&apos;, os.version: &apos;10.0&apos;, java.version: &apos;17.0.12&apos;
Driver info: org.openqa.selenium.chrome.ChromeDriver
Command: [28a448206b32bd527af4aa73b346ec89, findElement {using=xpath, value=//p[contains(text(),&apos;2023&apos;)]/parent::td/following-sibling::td//img[@alt=&apos;Edit Icon&apos;]}]
Capabilities {acceptInsecureCerts: false, browserName: chrome, browserVersion: 136.0.7103.114, chrome: {chromedriverVersion: 135.0.7049.95 (de2eb485a195..., userDataDir: C:\Users\AO\AppData\Local\T...}, fedcm:accounts: true, goog:chromeOptions: {debuggerAddress: localhost:53778}, networkConnectionEnabled: false, pageLoadStrategy: normal, platformName: windows, proxy: Proxy(), se:cdp: ws://localhost:53778/devtoo..., se:cdpVersion: 136.0.7103.114, setWindowRect: true, strictFileInteractability: false, timeouts: {implicit: 0, pageLoad: 300000, script: 30000}, unhandledPromptBehavior: dismiss and notify, webauthn:extension:credBlob: true, webauthn:extension:largeBlob: true, webauthn:extension:minPinLength: true, webauthn:extension:prf: true, webauthn:virtualAuthenticators: true}
Session ID: 28a448206b32bd527af4aa73b346ec89
	at org.openqa.selenium.remote.codec.w3c.W3CHttpResponseCodec.createException(W3CHttpResponseCodec.java:200)
	at org.openqa.selenium.remote.codec.w3c.W3CHttpResponseCodec.decode(W3CHttpResponseCodec.java:133)
	at org.openqa.selenium.remote.codec.w3c.W3CHttpResponseCodec.decode(W3CHttpResponseCodec.java:52)
	at org.openqa.selenium.remote.HttpCommandExecutor.execute(HttpCommandExecutor.java:191)
	at org.openqa.selenium.remote.service.DriverCommandExecutor.invokeExecute(DriverCommandExecutor.java:200)
	at org.openqa.selenium.remote.service.DriverCommandExecutor.execute(DriverCommandExecutor.java:175)
	at org.openqa.selenium.remote.RemoteWebDriver.execute(RemoteWebDriver.java:523)
	at org.openqa.selenium.remote.ElementLocation$ElementFinder$2.findElement(ElementLocation.java:165)
=======
<td>0</td>
<td>com.nspl.LegalInfoTestScript.FiduciaryBeneficiaryTestScript@d35dea7</td></tr>
<tr>
<td title='com.nspl.LegalInfoTestScript.PreviousLagalDocumentTestCases.verifySaveAndContinueWithAddNewDocument()'><b>verifySaveAndContinueWithAddNewDocument</b><br>Test class: com.nspl.LegalInfoTestScript.PreviousLagalDocumentTestCases</td>
<td><div><pre>org.openqa.selenium.NoSuchElementException: Unable to find element with locator By.xpath: (//div[@class=&apos;NewRegImg mt-lg-0&apos;])[1]//img
For documentation on this error, please visit: https://www.selenium.dev/documentation/webdriver/troubleshooting/errors#no-such-element-exception
Build info: version: &apos;4.16.1&apos;, revision: &apos;9b4c83354e&apos;
System info: os.name: &apos;Windows 11&apos;, os.arch: &apos;amd64&apos;, os.version: &apos;10.0&apos;, java.version: &apos;17.0.12&apos;
Driver info: driver.version: RemoteWebDriver
	at org.openqa.selenium.remote.ElementLocation$ElementFinder$2.findElement(ElementLocation.java:168)
>>>>>>> fc9139160fa8997a38dbc6a92c4d76744cdb234e
	at org.openqa.selenium.remote.ElementLocation.findElement(ElementLocation.java:59)
	at org.openqa.selenium.remote.RemoteWebDriver.findElement(RemoteWebDriver.java:360)
	at org.openqa.selenium.remote.RemoteWebDriver.findElement(RemoteWebDriver.java:354)
	at org.openqa.selenium.support.pagefactory.DefaultElementLocator.findElement(DefaultElementLocator.java:68)
	at org.openqa.selenium.support.pagefactory.internal.LocatingElementHandler.invoke(LocatingElementHandler.java:38)
	at jdk.proxy2/jdk.proxy2.$Proxy20.click(Unknown Source)
<<<<<<< HEAD
	at com.nspl.agingoptions.webUtil.WebUtil.click(WebUtil.java:330)
	at com.agingoptions.finance.TaxInformation.click2023YrsEditIcon(TaxInformation.java:126)
	at com.nspl.agingoptions.financepage.testcases.TaxInfoTestCases.FTC_036_PrimaryMemberInputTax2023SaveAndProceedToSpouseBT(TaxInfoTestCases.java:103)
	at java.base/java.util.ArrayList.forEach(ArrayList.java:1511)
... Removed 32 stack frames</pre></div><a href='#' onClick='toggleBox("stack-trace1336051117", this, "Click to show all stack frames", "Click to hide stack frames")'>Click to show all stack frames</a>
<div class='stack-trace' id='stack-trace1336051117'><pre>org.openqa.selenium.NoSuchElementException: no such element: Unable to locate element: {&quot;method&quot;:&quot;xpath&quot;,&quot;selector&quot;:&quot;//p[contains(text(),&apos;2023&apos;)]/parent::td/following-sibling::td//img[@alt=&apos;Edit Icon&apos;]&quot;}
  (Session info: chrome=136.0.7103.114)
For documentation on this error, please visit: https://www.selenium.dev/documentation/webdriver/troubleshooting/errors#no-such-element-exception
Build info: version: &apos;4.16.1&apos;, revision: &apos;9b4c83354e&apos;
System info: os.name: &apos;Windows 10&apos;, os.arch: &apos;amd64&apos;, os.version: &apos;10.0&apos;, java.version: &apos;17.0.12&apos;
Driver info: org.openqa.selenium.chrome.ChromeDriver
Command: [28a448206b32bd527af4aa73b346ec89, findElement {using=xpath, value=//p[contains(text(),&apos;2023&apos;)]/parent::td/following-sibling::td//img[@alt=&apos;Edit Icon&apos;]}]
Capabilities {acceptInsecureCerts: false, browserName: chrome, browserVersion: 136.0.7103.114, chrome: {chromedriverVersion: 135.0.7049.95 (de2eb485a195..., userDataDir: C:\Users\AO\AppData\Local\T...}, fedcm:accounts: true, goog:chromeOptions: {debuggerAddress: localhost:53778}, networkConnectionEnabled: false, pageLoadStrategy: normal, platformName: windows, proxy: Proxy(), se:cdp: ws://localhost:53778/devtoo..., se:cdpVersion: 136.0.7103.114, setWindowRect: true, strictFileInteractability: false, timeouts: {implicit: 0, pageLoad: 300000, script: 30000}, unhandledPromptBehavior: dismiss and notify, webauthn:extension:credBlob: true, webauthn:extension:largeBlob: true, webauthn:extension:minPinLength: true, webauthn:extension:prf: true, webauthn:virtualAuthenticators: true}
Session ID: 28a448206b32bd527af4aa73b346ec89
	at java.base/jdk.internal.reflect.NativeConstructorAccessorImpl.newInstance0(Native Method)
	at java.base/jdk.internal.reflect.NativeConstructorAccessorImpl.newInstance(NativeConstructorAccessorImpl.java:77)
	at java.base/jdk.internal.reflect.DelegatingConstructorAccessorImpl.newInstance(DelegatingConstructorAccessorImpl.java:45)
	at java.base/java.lang.reflect.Constructor.newInstanceWithCaller(Constructor.java:499)
	at java.base/java.lang.reflect.Constructor.newInstance(Constructor.java:480)
	at org.openqa.selenium.remote.codec.w3c.W3CHttpResponseCodec.createException(W3CHttpResponseCodec.java:200)
	at org.openqa.selenium.remote.codec.w3c.W3CHttpResponseCodec.decode(W3CHttpResponseCodec.java:133)
	at org.openqa.selenium.remote.codec.w3c.W3CHttpResponseCodec.decode(W3CHttpResponseCodec.java:52)
	at org.openqa.selenium.remote.HttpCommandExecutor.execute(HttpCommandExecutor.java:191)
	at org.openqa.selenium.remote.service.DriverCommandExecutor.invokeExecute(DriverCommandExecutor.java:200)
	at org.openqa.selenium.remote.service.DriverCommandExecutor.execute(DriverCommandExecutor.java:175)
	at org.openqa.selenium.remote.RemoteWebDriver.execute(RemoteWebDriver.java:523)
	at org.openqa.selenium.remote.ElementLocation$ElementFinder$2.findElement(ElementLocation.java:165)
=======
	at com.nspl.agingoptions.webUtil.WebUtil.click(WebUtil.java:335)
	at com.nspl.agingoptions.commoncode.CommonCode.createLifePlanningUser(CommonCode.java:96)
	at com.nspl.agingoptions.commoncode.CommonCode.LoginWithNewMarriedUser(CommonCode.java:146)
	at com.nspl.agingoptions.webUtil.BaseTest.beforeTest(BaseTest.java:52)
... Removed 24 stack frames</pre></div><a href='#' onClick='toggleBox("stack-trace1595362770", this, "Click to show all stack frames", "Click to hide stack frames")'>Click to show all stack frames</a>
<div class='stack-trace' id='stack-trace1595362770'><pre>org.openqa.selenium.NoSuchElementException: Unable to find element with locator By.xpath: (//div[@class=&apos;NewRegImg mt-lg-0&apos;])[1]//img
For documentation on this error, please visit: https://www.selenium.dev/documentation/webdriver/troubleshooting/errors#no-such-element-exception
Build info: version: &apos;4.16.1&apos;, revision: &apos;9b4c83354e&apos;
System info: os.name: &apos;Windows 11&apos;, os.arch: &apos;amd64&apos;, os.version: &apos;10.0&apos;, java.version: &apos;17.0.12&apos;
Driver info: driver.version: RemoteWebDriver
	at org.openqa.selenium.remote.ElementLocation$ElementFinder$2.findElement(ElementLocation.java:168)
>>>>>>> fc9139160fa8997a38dbc6a92c4d76744cdb234e
	at org.openqa.selenium.remote.ElementLocation.findElement(ElementLocation.java:59)
	at org.openqa.selenium.remote.RemoteWebDriver.findElement(RemoteWebDriver.java:360)
	at org.openqa.selenium.remote.RemoteWebDriver.findElement(RemoteWebDriver.java:354)
	at org.openqa.selenium.support.pagefactory.DefaultElementLocator.findElement(DefaultElementLocator.java:68)
	at org.openqa.selenium.support.pagefactory.internal.LocatingElementHandler.invoke(LocatingElementHandler.java:38)
	at jdk.proxy2/jdk.proxy2.$Proxy20.click(Unknown Source)
<<<<<<< HEAD
	at com.nspl.agingoptions.webUtil.WebUtil.click(WebUtil.java:330)
	at com.agingoptions.finance.TaxInformation.click2023YrsEditIcon(TaxInformation.java:126)
	at com.nspl.agingoptions.financepage.testcases.TaxInfoTestCases.FTC_036_PrimaryMemberInputTax2023SaveAndProceedToSpouseBT(TaxInfoTestCases.java:103)
=======
	at com.nspl.agingoptions.webUtil.WebUtil.click(WebUtil.java:335)
	at com.nspl.agingoptions.commoncode.CommonCode.createLifePlanningUser(CommonCode.java:96)
	at com.nspl.agingoptions.commoncode.CommonCode.LoginWithNewMarriedUser(CommonCode.java:146)
	at com.nspl.agingoptions.webUtil.BaseTest.beforeTest(BaseTest.java:52)
>>>>>>> fc9139160fa8997a38dbc6a92c4d76744cdb234e
	at java.base/jdk.internal.reflect.NativeMethodAccessorImpl.invoke0(Native Method)
	at java.base/jdk.internal.reflect.NativeMethodAccessorImpl.invoke(NativeMethodAccessorImpl.java:77)
	at java.base/jdk.internal.reflect.DelegatingMethodAccessorImpl.invoke(DelegatingMethodAccessorImpl.java:43)
	at java.base/java.lang.reflect.Method.invoke(Method.java:568)
	at org.testng.internal.invokers.MethodInvocationHelper.invokeMethod(MethodInvocationHelper.java:141)
	at org.testng.internal.invokers.MethodInvocationHelper.invokeMethodConsideringTimeout(MethodInvocationHelper.java:71)
	at org.testng.internal.invokers.ConfigInvoker.invokeConfigurationMethod(ConfigInvoker.java:400)
	at org.testng.internal.invokers.ConfigInvoker.invokeConfigurations(ConfigInvoker.java:333)
	at org.testng.TestRunner.invokeTestConfigurations(TestRunner.java:655)
	at org.testng.TestRunner.beforeRun(TestRunner.java:644)
	at org.testng.TestRunner.run(TestRunner.java:610)
	at org.testng.SuiteRunner.runTest(SuiteRunner.java:421)
	at org.testng.SuiteRunner.runSequentially(SuiteRunner.java:413)
	at org.testng.SuiteRunner.privateRun(SuiteRunner.java:373)
	at org.testng.SuiteRunner.run(SuiteRunner.java:312)
	at org.testng.SuiteRunnerWorker.runSuite(SuiteRunnerWorker.java:52)
	at org.testng.SuiteRunnerWorker.run(SuiteRunnerWorker.java:95)
	at org.testng.TestNG.runSuitesSequentially(TestNG.java:1274)
	at org.testng.TestNG.runSuitesLocally(TestNG.java:1208)
	at org.testng.TestNG.runSuites(TestNG.java:1112)
	at org.testng.TestNG.run(TestNG.java:1079)
	at org.testng.remote.AbstractRemoteTestNG.run(AbstractRemoteTestNG.java:115)
	at org.testng.remote.RemoteTestNG.initAndRun(RemoteTestNG.java:293)
	at org.testng.remote.RemoteTestNG.main(RemoteTestNG.java:91)
</pre></div></td>
<<<<<<< HEAD
<td>68</td>
<td>com.nspl.agingoptions.financepage.testcases.TaxInfoTestCases@37883b97</td></tr>
=======
<td>0</td>
<td>com.nspl.LegalInfoTestScript.PreviousLagalDocumentTestCases@b2c9a9c</td></tr>
<tr>
<td title='com.nspl.LegalInfoTestScript.PreviousLagalDocumentTestCases.verifySaveAndContinueWithWillTypeDocuments()'><b>verifySaveAndContinueWithWillTypeDocuments</b><br>Test class: com.nspl.LegalInfoTestScript.PreviousLagalDocumentTestCases</td>
<td><div><pre>org.openqa.selenium.NoSuchElementException: Unable to find element with locator By.xpath: (//div[@class=&apos;NewRegImg mt-lg-0&apos;])[1]//img
For documentation on this error, please visit: https://www.selenium.dev/documentation/webdriver/troubleshooting/errors#no-such-element-exception
Build info: version: &apos;4.16.1&apos;, revision: &apos;9b4c83354e&apos;
System info: os.name: &apos;Windows 11&apos;, os.arch: &apos;amd64&apos;, os.version: &apos;10.0&apos;, java.version: &apos;17.0.12&apos;
Driver info: driver.version: RemoteWebDriver
	at org.openqa.selenium.remote.ElementLocation$ElementFinder$2.findElement(ElementLocation.java:168)
	at org.openqa.selenium.remote.ElementLocation.findElement(ElementLocation.java:59)
	at org.openqa.selenium.remote.RemoteWebDriver.findElement(RemoteWebDriver.java:360)
	at org.openqa.selenium.remote.RemoteWebDriver.findElement(RemoteWebDriver.java:354)
	at org.openqa.selenium.support.pagefactory.DefaultElementLocator.findElement(DefaultElementLocator.java:68)
	at org.openqa.selenium.support.pagefactory.internal.LocatingElementHandler.invoke(LocatingElementHandler.java:38)
	at jdk.proxy2/jdk.proxy2.$Proxy20.click(Unknown Source)
	at com.nspl.agingoptions.webUtil.WebUtil.click(WebUtil.java:335)
	at com.nspl.agingoptions.commoncode.CommonCode.createLifePlanningUser(CommonCode.java:96)
	at com.nspl.agingoptions.commoncode.CommonCode.LoginWithNewMarriedUser(CommonCode.java:146)
	at com.nspl.agingoptions.webUtil.BaseTest.beforeTest(BaseTest.java:52)
... Removed 24 stack frames</pre></div><a href='#' onClick='toggleBox("stack-trace1769042905", this, "Click to show all stack frames", "Click to hide stack frames")'>Click to show all stack frames</a>
<div class='stack-trace' id='stack-trace1769042905'><pre>org.openqa.selenium.NoSuchElementException: Unable to find element with locator By.xpath: (//div[@class=&apos;NewRegImg mt-lg-0&apos;])[1]//img
For documentation on this error, please visit: https://www.selenium.dev/documentation/webdriver/troubleshooting/errors#no-such-element-exception
Build info: version: &apos;4.16.1&apos;, revision: &apos;9b4c83354e&apos;
System info: os.name: &apos;Windows 11&apos;, os.arch: &apos;amd64&apos;, os.version: &apos;10.0&apos;, java.version: &apos;17.0.12&apos;
Driver info: driver.version: RemoteWebDriver
	at org.openqa.selenium.remote.ElementLocation$ElementFinder$2.findElement(ElementLocation.java:168)
	at org.openqa.selenium.remote.ElementLocation.findElement(ElementLocation.java:59)
	at org.openqa.selenium.remote.RemoteWebDriver.findElement(RemoteWebDriver.java:360)
	at org.openqa.selenium.remote.RemoteWebDriver.findElement(RemoteWebDriver.java:354)
	at org.openqa.selenium.support.pagefactory.DefaultElementLocator.findElement(DefaultElementLocator.java:68)
	at org.openqa.selenium.support.pagefactory.internal.LocatingElementHandler.invoke(LocatingElementHandler.java:38)
	at jdk.proxy2/jdk.proxy2.$Proxy20.click(Unknown Source)
	at com.nspl.agingoptions.webUtil.WebUtil.click(WebUtil.java:335)
	at com.nspl.agingoptions.commoncode.CommonCode.createLifePlanningUser(CommonCode.java:96)
	at com.nspl.agingoptions.commoncode.CommonCode.LoginWithNewMarriedUser(CommonCode.java:146)
	at com.nspl.agingoptions.webUtil.BaseTest.beforeTest(BaseTest.java:52)
	at java.base/jdk.internal.reflect.NativeMethodAccessorImpl.invoke0(Native Method)
	at java.base/jdk.internal.reflect.NativeMethodAccessorImpl.invoke(NativeMethodAccessorImpl.java:77)
	at java.base/jdk.internal.reflect.DelegatingMethodAccessorImpl.invoke(DelegatingMethodAccessorImpl.java:43)
	at java.base/java.lang.reflect.Method.invoke(Method.java:568)
	at org.testng.internal.invokers.MethodInvocationHelper.invokeMethod(MethodInvocationHelper.java:141)
	at org.testng.internal.invokers.MethodInvocationHelper.invokeMethodConsideringTimeout(MethodInvocationHelper.java:71)
	at org.testng.internal.invokers.ConfigInvoker.invokeConfigurationMethod(ConfigInvoker.java:400)
	at org.testng.internal.invokers.ConfigInvoker.invokeConfigurations(ConfigInvoker.java:333)
	at org.testng.TestRunner.invokeTestConfigurations(TestRunner.java:655)
	at org.testng.TestRunner.beforeRun(TestRunner.java:644)
	at org.testng.TestRunner.run(TestRunner.java:610)
	at org.testng.SuiteRunner.runTest(SuiteRunner.java:421)
	at org.testng.SuiteRunner.runSequentially(SuiteRunner.java:413)
	at org.testng.SuiteRunner.privateRun(SuiteRunner.java:373)
	at org.testng.SuiteRunner.run(SuiteRunner.java:312)
	at org.testng.SuiteRunnerWorker.runSuite(SuiteRunnerWorker.java:52)
	at org.testng.SuiteRunnerWorker.run(SuiteRunnerWorker.java:95)
	at org.testng.TestNG.runSuitesSequentially(TestNG.java:1274)
	at org.testng.TestNG.runSuitesLocally(TestNG.java:1208)
	at org.testng.TestNG.runSuites(TestNG.java:1112)
	at org.testng.TestNG.run(TestNG.java:1079)
	at org.testng.remote.AbstractRemoteTestNG.run(AbstractRemoteTestNG.java:115)
	at org.testng.remote.RemoteTestNG.initAndRun(RemoteTestNG.java:293)
	at org.testng.remote.RemoteTestNG.main(RemoteTestNG.java:91)
</pre></div></td>
<td>0</td>
<td>com.nspl.LegalInfoTestScript.PreviousLagalDocumentTestCases@b2c9a9c</td></tr>
<tr>
<td title='com.nspl.LegalInfoTestScript.PreviousLagalDocumentTestCases.verifyNewCommonDocumentList()'><b>verifyNewCommonDocumentList</b><br>Test class: com.nspl.LegalInfoTestScript.PreviousLagalDocumentTestCases</td>
<td><div><pre>org.openqa.selenium.NoSuchElementException: Unable to find element with locator By.xpath: (//div[@class=&apos;NewRegImg mt-lg-0&apos;])[1]//img
For documentation on this error, please visit: https://www.selenium.dev/documentation/webdriver/troubleshooting/errors#no-such-element-exception
Build info: version: &apos;4.16.1&apos;, revision: &apos;9b4c83354e&apos;
System info: os.name: &apos;Windows 11&apos;, os.arch: &apos;amd64&apos;, os.version: &apos;10.0&apos;, java.version: &apos;17.0.12&apos;
Driver info: driver.version: RemoteWebDriver
	at org.openqa.selenium.remote.ElementLocation$ElementFinder$2.findElement(ElementLocation.java:168)
	at org.openqa.selenium.remote.ElementLocation.findElement(ElementLocation.java:59)
	at org.openqa.selenium.remote.RemoteWebDriver.findElement(RemoteWebDriver.java:360)
	at org.openqa.selenium.remote.RemoteWebDriver.findElement(RemoteWebDriver.java:354)
	at org.openqa.selenium.support.pagefactory.DefaultElementLocator.findElement(DefaultElementLocator.java:68)
	at org.openqa.selenium.support.pagefactory.internal.LocatingElementHandler.invoke(LocatingElementHandler.java:38)
	at jdk.proxy2/jdk.proxy2.$Proxy20.click(Unknown Source)
	at com.nspl.agingoptions.webUtil.WebUtil.click(WebUtil.java:335)
	at com.nspl.agingoptions.commoncode.CommonCode.createLifePlanningUser(CommonCode.java:96)
	at com.nspl.agingoptions.commoncode.CommonCode.LoginWithNewMarriedUser(CommonCode.java:146)
	at com.nspl.agingoptions.webUtil.BaseTest.beforeTest(BaseTest.java:52)
... Removed 24 stack frames</pre></div><a href='#' onClick='toggleBox("stack-trace45320991", this, "Click to show all stack frames", "Click to hide stack frames")'>Click to show all stack frames</a>
<div class='stack-trace' id='stack-trace45320991'><pre>org.openqa.selenium.NoSuchElementException: Unable to find element with locator By.xpath: (//div[@class=&apos;NewRegImg mt-lg-0&apos;])[1]//img
For documentation on this error, please visit: https://www.selenium.dev/documentation/webdriver/troubleshooting/errors#no-such-element-exception
Build info: version: &apos;4.16.1&apos;, revision: &apos;9b4c83354e&apos;
System info: os.name: &apos;Windows 11&apos;, os.arch: &apos;amd64&apos;, os.version: &apos;10.0&apos;, java.version: &apos;17.0.12&apos;
Driver info: driver.version: RemoteWebDriver
	at org.openqa.selenium.remote.ElementLocation$ElementFinder$2.findElement(ElementLocation.java:168)
	at org.openqa.selenium.remote.ElementLocation.findElement(ElementLocation.java:59)
	at org.openqa.selenium.remote.RemoteWebDriver.findElement(RemoteWebDriver.java:360)
	at org.openqa.selenium.remote.RemoteWebDriver.findElement(RemoteWebDriver.java:354)
	at org.openqa.selenium.support.pagefactory.DefaultElementLocator.findElement(DefaultElementLocator.java:68)
	at org.openqa.selenium.support.pagefactory.internal.LocatingElementHandler.invoke(LocatingElementHandler.java:38)
	at jdk.proxy2/jdk.proxy2.$Proxy20.click(Unknown Source)
	at com.nspl.agingoptions.webUtil.WebUtil.click(WebUtil.java:335)
	at com.nspl.agingoptions.commoncode.CommonCode.createLifePlanningUser(CommonCode.java:96)
	at com.nspl.agingoptions.commoncode.CommonCode.LoginWithNewMarriedUser(CommonCode.java:146)
	at com.nspl.agingoptions.webUtil.BaseTest.beforeTest(BaseTest.java:52)
	at java.base/jdk.internal.reflect.NativeMethodAccessorImpl.invoke0(Native Method)
	at java.base/jdk.internal.reflect.NativeMethodAccessorImpl.invoke(NativeMethodAccessorImpl.java:77)
	at java.base/jdk.internal.reflect.DelegatingMethodAccessorImpl.invoke(DelegatingMethodAccessorImpl.java:43)
	at java.base/java.lang.reflect.Method.invoke(Method.java:568)
	at org.testng.internal.invokers.MethodInvocationHelper.invokeMethod(MethodInvocationHelper.java:141)
	at org.testng.internal.invokers.MethodInvocationHelper.invokeMethodConsideringTimeout(MethodInvocationHelper.java:71)
	at org.testng.internal.invokers.ConfigInvoker.invokeConfigurationMethod(ConfigInvoker.java:400)
	at org.testng.internal.invokers.ConfigInvoker.invokeConfigurations(ConfigInvoker.java:333)
	at org.testng.TestRunner.invokeTestConfigurations(TestRunner.java:655)
	at org.testng.TestRunner.beforeRun(TestRunner.java:644)
	at org.testng.TestRunner.run(TestRunner.java:610)
	at org.testng.SuiteRunner.runTest(SuiteRunner.java:421)
	at org.testng.SuiteRunner.runSequentially(SuiteRunner.java:413)
	at org.testng.SuiteRunner.privateRun(SuiteRunner.java:373)
	at org.testng.SuiteRunner.run(SuiteRunner.java:312)
	at org.testng.SuiteRunnerWorker.runSuite(SuiteRunnerWorker.java:52)
	at org.testng.SuiteRunnerWorker.run(SuiteRunnerWorker.java:95)
	at org.testng.TestNG.runSuitesSequentially(TestNG.java:1274)
	at org.testng.TestNG.runSuitesLocally(TestNG.java:1208)
	at org.testng.TestNG.runSuites(TestNG.java:1112)
	at org.testng.TestNG.run(TestNG.java:1079)
	at org.testng.remote.AbstractRemoteTestNG.run(AbstractRemoteTestNG.java:115)
	at org.testng.remote.RemoteTestNG.initAndRun(RemoteTestNG.java:293)
	at org.testng.remote.RemoteTestNG.main(RemoteTestNG.java:91)
</pre></div></td>
<td>0</td>
<td>com.nspl.LegalInfoTestScript.PreviousLagalDocumentTestCases@b2c9a9c</td></tr>
<tr>
<td title='com.nspl.LegalInfoTestScript.FiduciaryBeneficiaryTestScript.VerifyWhenWeMakeFiduciaryBeneficiryMemberDeceased()'><b>VerifyWhenWeMakeFiduciaryBeneficiryMemberDeceased</b><br>Test class: com.nspl.LegalInfoTestScript.FiduciaryBeneficiaryTestScript</td>
<td><div><pre>org.openqa.selenium.NoSuchElementException: Unable to find element with locator By.xpath: (//div[@class=&apos;NewRegImg mt-lg-0&apos;])[1]//img
For documentation on this error, please visit: https://www.selenium.dev/documentation/webdriver/troubleshooting/errors#no-such-element-exception
Build info: version: &apos;4.16.1&apos;, revision: &apos;9b4c83354e&apos;
System info: os.name: &apos;Windows 11&apos;, os.arch: &apos;amd64&apos;, os.version: &apos;10.0&apos;, java.version: &apos;17.0.12&apos;
Driver info: driver.version: RemoteWebDriver
	at org.openqa.selenium.remote.ElementLocation$ElementFinder$2.findElement(ElementLocation.java:168)
	at org.openqa.selenium.remote.ElementLocation.findElement(ElementLocation.java:59)
	at org.openqa.selenium.remote.RemoteWebDriver.findElement(RemoteWebDriver.java:360)
	at org.openqa.selenium.remote.RemoteWebDriver.findElement(RemoteWebDriver.java:354)
	at org.openqa.selenium.support.pagefactory.DefaultElementLocator.findElement(DefaultElementLocator.java:68)
	at org.openqa.selenium.support.pagefactory.internal.LocatingElementHandler.invoke(LocatingElementHandler.java:38)
	at jdk.proxy2/jdk.proxy2.$Proxy20.click(Unknown Source)
	at com.nspl.agingoptions.webUtil.WebUtil.click(WebUtil.java:335)
	at com.nspl.agingoptions.commoncode.CommonCode.createLifePlanningUser(CommonCode.java:96)
	at com.nspl.agingoptions.commoncode.CommonCode.LoginWithNewMarriedUser(CommonCode.java:146)
	at com.nspl.agingoptions.webUtil.BaseTest.beforeTest(BaseTest.java:52)
... Removed 24 stack frames</pre></div><a href='#' onClick='toggleBox("stack-trace1526453607", this, "Click to show all stack frames", "Click to hide stack frames")'>Click to show all stack frames</a>
<div class='stack-trace' id='stack-trace1526453607'><pre>org.openqa.selenium.NoSuchElementException: Unable to find element with locator By.xpath: (//div[@class=&apos;NewRegImg mt-lg-0&apos;])[1]//img
For documentation on this error, please visit: https://www.selenium.dev/documentation/webdriver/troubleshooting/errors#no-such-element-exception
Build info: version: &apos;4.16.1&apos;, revision: &apos;9b4c83354e&apos;
System info: os.name: &apos;Windows 11&apos;, os.arch: &apos;amd64&apos;, os.version: &apos;10.0&apos;, java.version: &apos;17.0.12&apos;
Driver info: driver.version: RemoteWebDriver
	at org.openqa.selenium.remote.ElementLocation$ElementFinder$2.findElement(ElementLocation.java:168)
	at org.openqa.selenium.remote.ElementLocation.findElement(ElementLocation.java:59)
	at org.openqa.selenium.remote.RemoteWebDriver.findElement(RemoteWebDriver.java:360)
	at org.openqa.selenium.remote.RemoteWebDriver.findElement(RemoteWebDriver.java:354)
	at org.openqa.selenium.support.pagefactory.DefaultElementLocator.findElement(DefaultElementLocator.java:68)
	at org.openqa.selenium.support.pagefactory.internal.LocatingElementHandler.invoke(LocatingElementHandler.java:38)
	at jdk.proxy2/jdk.proxy2.$Proxy20.click(Unknown Source)
	at com.nspl.agingoptions.webUtil.WebUtil.click(WebUtil.java:335)
	at com.nspl.agingoptions.commoncode.CommonCode.createLifePlanningUser(CommonCode.java:96)
	at com.nspl.agingoptions.commoncode.CommonCode.LoginWithNewMarriedUser(CommonCode.java:146)
	at com.nspl.agingoptions.webUtil.BaseTest.beforeTest(BaseTest.java:52)
	at java.base/jdk.internal.reflect.NativeMethodAccessorImpl.invoke0(Native Method)
	at java.base/jdk.internal.reflect.NativeMethodAccessorImpl.invoke(NativeMethodAccessorImpl.java:77)
	at java.base/jdk.internal.reflect.DelegatingMethodAccessorImpl.invoke(DelegatingMethodAccessorImpl.java:43)
	at java.base/java.lang.reflect.Method.invoke(Method.java:568)
	at org.testng.internal.invokers.MethodInvocationHelper.invokeMethod(MethodInvocationHelper.java:141)
	at org.testng.internal.invokers.MethodInvocationHelper.invokeMethodConsideringTimeout(MethodInvocationHelper.java:71)
	at org.testng.internal.invokers.ConfigInvoker.invokeConfigurationMethod(ConfigInvoker.java:400)
	at org.testng.internal.invokers.ConfigInvoker.invokeConfigurations(ConfigInvoker.java:333)
	at org.testng.TestRunner.invokeTestConfigurations(TestRunner.java:655)
	at org.testng.TestRunner.beforeRun(TestRunner.java:644)
	at org.testng.TestRunner.run(TestRunner.java:610)
	at org.testng.SuiteRunner.runTest(SuiteRunner.java:421)
	at org.testng.SuiteRunner.runSequentially(SuiteRunner.java:413)
	at org.testng.SuiteRunner.privateRun(SuiteRunner.java:373)
	at org.testng.SuiteRunner.run(SuiteRunner.java:312)
	at org.testng.SuiteRunnerWorker.runSuite(SuiteRunnerWorker.java:52)
	at org.testng.SuiteRunnerWorker.run(SuiteRunnerWorker.java:95)
	at org.testng.TestNG.runSuitesSequentially(TestNG.java:1274)
	at org.testng.TestNG.runSuitesLocally(TestNG.java:1208)
	at org.testng.TestNG.runSuites(TestNG.java:1112)
	at org.testng.TestNG.run(TestNG.java:1079)
	at org.testng.remote.AbstractRemoteTestNG.run(AbstractRemoteTestNG.java:115)
	at org.testng.remote.RemoteTestNG.initAndRun(RemoteTestNG.java:293)
	at org.testng.remote.RemoteTestNG.main(RemoteTestNG.java:91)
</pre></div></td>
<td>0</td>
<td>com.nspl.LegalInfoTestScript.FiduciaryBeneficiaryTestScript@d35dea7</td></tr>
>>>>>>> fc9139160fa8997a38dbc6a92c4d76744cdb234e
</table><p>
</body>
</html>