<?xml version="1.0" encoding="UTF-8"?>
<!-- Generated by org.testng.reporters.JUnitReportReporter -->
<testsuite hostname="Dell" failures="0" tests="12" name="com.nspl.HousingInfoPageTestcase.HousingInfoTestScript" time="311.213" errors="1" timestamp="2025-03-28T17:35:29 IST" skipped="8">
  <testcase classname="com.nspl.HousingInfoPageTestcase.HousingInfoTestScript" name="VerifyUpdateAndContinue_IsTheHousingYouAreLivingWithNoRadioButtonChecked" time="76.094"/>
  <testcase classname="com.nspl.HousingInfoPageTestcase.HousingInfoTestScript" name="VerifySaveAndNextToProfessional_IsTheHousingYouAreLivingWithNoRadioButtonChecked" time="77.898"/>
  <testcase classname="com.nspl.HousingInfoPageTestcase.HousingInfoTestScript" name="VerifyHowManyStoriesDoesItHaveDropdownContent" time="80.981"/>
  <testcase classname="com.nspl.HousingInfoPageTestcase.HousingInfoTestScript" name="VerifyWhenWeSelectTwoThreeMoreOption_HowManyStoryDoesItHave" time="76.240">
    <error message="no such element: Unable to locate element: {&quot;method&quot;:&quot;xpath&quot;,&quot;selector&quot;:&quot;//div[@id=&#039;ownhome&#039;]&quot;}
  (Session info: chrome=134.0.6998.166)
For documentation on this error, please visit: https://www.selenium.dev/documentation/webdriver/troubleshooting/errors#no-such-element-exception
Build info: version: &#039;4.16.1&#039;, revision: &#039;9b4c83354e&#039;
System info: os.name: &#039;Windows 11&#039;, os.arch: &#039;amd64&#039;, os.version: &#039;10.0&#039;, java.version: &#039;23.0.1&#039;
Driver info: org.openqa.selenium.chrome.ChromeDriver
Command: [bae62d254eeb13373e68e8997d64369c, findElement {using=xpath, value=//div[@id=&#039;ownhome&#039;]}]
Capabilities {acceptInsecureCerts: false, browserName: chrome, browserVersion: 134.0.6998.166, chrome: {chromedriverVersion: 134.0.6998.165 (fd886e2cb29..., userDataDir: C:\Users\nagai\AppData\Loca...}, fedcm:accounts: true, goog:chromeOptions: {debuggerAddress: localhost:62050}, networkConnectionEnabled: false, pageLoadStrategy: normal, platformName: windows, proxy: Proxy(), se:cdp: ws://localhost:62050/devtoo..., se:cdpVersion: 134.0.6998.166, setWindowRect: true, strictFileInteractability: false, timeouts: {implicit: 0, pageLoad: 300000, script: 30000}, unhandledPromptBehavior: dismiss and notify, webauthn:extension:credBlob: true, webauthn:extension:largeBlob: true, webauthn:extension:minPinLength: true, webauthn:extension:prf: true, webauthn:virtualAuthenticators: true}
Session ID: bae62d254eeb13373e68e8997d64369c" type="org.openqa.selenium.NoSuchElementException">
      <![CDATA[org.openqa.selenium.NoSuchElementException: no such element: Unable to locate element: {"method":"xpath","selector":"//div[@id='ownhome']"}
  (Session info: chrome=134.0.6998.166)
For documentation on this error, please visit: https://www.selenium.dev/documentation/webdriver/troubleshooting/errors#no-such-element-exception
Build info: version: '4.16.1', revision: '9b4c83354e'
System info: os.name: 'Windows 11', os.arch: 'amd64', os.version: '10.0', java.version: '23.0.1'
Driver info: org.openqa.selenium.chrome.ChromeDriver
Command: [bae62d254eeb13373e68e8997d64369c, findElement {using=xpath, value=//div[@id='ownhome']}]
Capabilities {acceptInsecureCerts: false, browserName: chrome, browserVersion: 134.0.6998.166, chrome: {chromedriverVersion: 134.0.6998.165 (fd886e2cb29..., userDataDir: C:\Users\nagai\AppData\Loca...}, fedcm:accounts: true, goog:chromeOptions: {debuggerAddress: localhost:62050}, networkConnectionEnabled: false, pageLoadStrategy: normal, platformName: windows, proxy: Proxy(), se:cdp: ws://localhost:62050/devtoo..., se:cdpVersion: 134.0.6998.166, setWindowRect: true, strictFileInteractability: false, timeouts: {implicit: 0, pageLoad: 300000, script: 30000}, unhandledPromptBehavior: dismiss and notify, webauthn:extension:credBlob: true, webauthn:extension:largeBlob: true, webauthn:extension:minPinLength: true, webauthn:extension:prf: true, webauthn:virtualAuthenticators: true}
Session ID: bae62d254eeb13373e68e8997d64369c
at java.base/jdk.internal.reflect.DirectConstructorHandleAccessor.newInstance(DirectConstructorHandleAccessor.java:62)
at java.base/java.lang.reflect.Constructor.newInstanceWithCaller(Constructor.java:501)
at java.base/java.lang.reflect.Constructor.newInstance(Constructor.java:485)
at org.openqa.selenium.remote.codec.w3c.W3CHttpResponseCodec.createException(W3CHttpResponseCodec.java:200)
at org.openqa.selenium.remote.codec.w3c.W3CHttpResponseCodec.decode(W3CHttpResponseCodec.java:133)
at org.openqa.selenium.remote.codec.w3c.W3CHttpResponseCodec.decode(W3CHttpResponseCodec.java:52)
at org.openqa.selenium.remote.HttpCommandExecutor.execute(HttpCommandExecutor.java:191)
at org.openqa.selenium.remote.service.DriverCommandExecutor.invokeExecute(DriverCommandExecutor.java:200)
at org.openqa.selenium.remote.service.DriverCommandExecutor.execute(DriverCommandExecutor.java:175)
at org.openqa.selenium.remote.RemoteWebDriver.execute(RemoteWebDriver.java:523)
at org.openqa.selenium.remote.ElementLocation$ElementFinder$2.findElement(ElementLocation.java:165)
at org.openqa.selenium.remote.ElementLocation.findElement(ElementLocation.java:59)
at org.openqa.selenium.remote.RemoteWebDriver.findElement(RemoteWebDriver.java:360)
at org.openqa.selenium.remote.RemoteWebDriver.findElement(RemoteWebDriver.java:354)
at org.openqa.selenium.support.pagefactory.DefaultElementLocator.findElement(DefaultElementLocator.java:68)
at org.openqa.selenium.support.pagefactory.internal.LocatingElementHandler.invoke(LocatingElementHandler.java:38)
at jdk.proxy2/jdk.proxy2.$Proxy20.click(Unknown Source)
at com.nspl.agingoptions.webUtil.WebUtil.click(WebUtil.java:312)
at com.nspl.agingoptions.commoncode.HousingInfo.VerifyWhenWeSelectTWoThreeAndMore_HowManyStoryDoesItHave(HousingInfo.java:201)
at com.nspl.HousingInfoPageTestcase.HousingInfoTestScript.VerifyWhenWeSelectTwoThreeMoreOption_HowManyStoryDoesItHave(HousingInfoTestScript.java:162)
at java.base/jdk.internal.reflect.DirectMethodHandleAccessor.invoke(DirectMethodHandleAccessor.java:103)
at java.base/java.lang.reflect.Method.invoke(Method.java:580)
at org.testng.internal.invokers.MethodInvocationHelper.invokeMethod(MethodInvocationHelper.java:141)
at org.testng.internal.invokers.TestInvoker.invokeMethod(TestInvoker.java:686)
at org.testng.internal.invokers.TestInvoker.invokeTestMethod(TestInvoker.java:230)
at org.testng.internal.invokers.MethodRunner.runInSequence(MethodRunner.java:63)
at org.testng.internal.invokers.TestInvoker$MethodInvocationAgent.invoke(TestInvoker.java:992)
at org.testng.internal.invokers.TestInvoker.invokeTestMethods(TestInvoker.java:203)
at org.testng.internal.invokers.TestMethodWorker.invokeTestMethods(TestMethodWorker.java:154)
at org.testng.internal.invokers.TestMethodWorker.run(TestMethodWorker.java:134)
at java.base/java.util.ArrayList.forEach(ArrayList.java:1597)
at org.testng.TestRunner.privateRun(TestRunner.java:739)
at org.testng.TestRunner.run(TestRunner.java:614)
at org.testng.SuiteRunner.runTest(SuiteRunner.java:421)
at org.testng.SuiteRunner.runSequentially(SuiteRunner.java:413)
at org.testng.SuiteRunner.privateRun(SuiteRunner.java:373)
at org.testng.SuiteRunner.run(SuiteRunner.java:312)
at org.testng.SuiteRunnerWorker.runSuite(SuiteRunnerWorker.java:52)
at org.testng.SuiteRunnerWorker.run(SuiteRunnerWorker.java:95)
at org.testng.TestNG.runSuitesSequentially(TestNG.java:1274)
at org.testng.TestNG.runSuitesLocally(TestNG.java:1208)
at org.testng.TestNG.runSuites(TestNG.java:1112)
at org.testng.TestNG.run(TestNG.java:1079)
at org.testng.remote.AbstractRemoteTestNG.run(AbstractRemoteTestNG.java:115)
at org.testng.remote.RemoteTestNG.initAndRun(RemoteTestNG.java:293)
at org.testng.remote.RemoteTestNG.main(RemoteTestNG.java:91)
]]>
    </error>
  </testcase> <!-- VerifyWhenWeSelectTwoThreeMoreOption_HowManyStoryDoesItHave -->
  <testcase classname="com.nspl.HousingInfoPageTestcase.HousingInfoTestScript" name="VerifySaveAndNextToprofessional_TheDetailsWithIstheHouseYouAreliving_Yes_And_Select1_OnTheScaleOnToFive">
    <skipped/>
  </testcase> <!-- VerifySaveAndNextToprofessional_TheDetailsWithIstheHouseYouAreliving_Yes_And_Select1_OnTheScaleOnToFive -->
  <testcase classname="com.nspl.HousingInfoPageTestcase.HousingInfoTestScript" name="VerifyOnTheScaleOfOneTwoFiveOwnHomeDropDownSelection">
    <skipped/>
  </testcase> <!-- VerifyOnTheScaleOfOneTwoFiveOwnHomeDropDownSelection -->
  <testcase classname="com.nspl.HousingInfoPageTestcase.HousingInfoTestScript" name="VerifySelectNoCheckBox_IsYourHousingLivingIn___">
    <skipped/>
  </testcase> <!-- VerifySelectNoCheckBox_IsYourHousingLivingIn___ -->
  <testcase classname="com.nspl.HousingInfoPageTestcase.HousingInfoTestScript" name="VerifySaveAndContinueTheDetailsWithIstheHouseYouAreliving_Yes_And_Select1_OnTheScaleOnToFive">
    <skipped/>
  </testcase> <!-- VerifySaveAndContinueTheDetailsWithIstheHouseYouAreliving_Yes_And_Select1_OnTheScaleOnToFive -->
  <testcase classname="com.nspl.HousingInfoPageTestcase.HousingInfoTestScript" name="verifyHousingInformation">
    <skipped/>
  </testcase> <!-- verifyHousingInformation -->
  <testcase classname="com.nspl.HousingInfoPageTestcase.HousingInfoTestScript" name="LoginWithClientAndverifypersonainformationPage">
    <skipped/>
  </testcase> <!-- LoginWithClientAndverifypersonainformationPage -->
  <testcase classname="com.nspl.HousingInfoPageTestcase.HousingInfoTestScript" name="verifySelecctYesorNotSureCheckBox_IsYourHouseLivingIn____">
    <skipped/>
  </testcase> <!-- verifySelecctYesorNotSureCheckBox_IsYourHouseLivingIn____ -->
  <testcase classname="com.nspl.HousingInfoPageTestcase.HousingInfoTestScript" name="VerifyOnTheScaleOfOneTwoFive_Select1">
    <skipped/>
  </testcase> <!-- VerifyOnTheScaleOfOneTwoFive_Select1 -->
</testsuite> <!-- com.nspl.HousingInfoPageTestcase.HousingInfoTestScript -->
