<?xml version="1.0" encoding="UTF-8"?>
<!-- Generated by org.testng.reporters.JUnitReportReporter -->
<testsuite hostname="DESKTOP-LA6T5Q8" failures="1" tests="13" name="com.nspl.HousingInfoPageTestcase.HousingProfessional_MortgageBrokerTestScript" time="732.654" errors="0" timestamp="2025-04-14T12:09:33 IST" skipped="2">
  <testcase classname="com.nspl.HousingInfoPageTestcase.HousingProfessional_MortgageBrokerTestScript" name="VerifyUpdateMortgageBrokerDetails" time="88.980"/>
  <testcase classname="com.nspl.HousingInfoPageTestcase.HousingProfessional_MortgageBrokerTestScript" name="VerifySaveAndContinueSpouseMortgageBrokerDetails" time="56.868"/>
  <testcase classname="com.nspl.HousingInfoPageTestcase.HousingProfessional_MortgageBrokerTestScript" name="VerifyCopySameDataFunctionality" time="77.362"/>
  <testcase classname="com.nspl.HousingInfoPageTestcase.HousingProfessional_MortgageBrokerTestScript" name="VerifyIdONotHaveRealtorCheckBoxFunctionality" time="22.447"/>
  <testcase classname="com.nspl.HousingInfoPageTestcase.HousingProfessional_MortgageBrokerTestScript" name="verifyToggleButton" time="22.687"/>
  <testcase classname="com.nspl.HousingInfoPageTestcase.HousingProfessional_MortgageBrokerTestScript" name="VerifySaveAndproceedPrimaryMemberMortgageBrokerDetails" time="100.911">
    <skipped/>
  </testcase> <!-- VerifySaveAndproceedPrimaryMemberMortgageBrokerDetails -->
  <testcase classname="com.nspl.HousingInfoPageTestcase.HousingProfessional_MortgageBrokerTestScript" name="VerifySaveAndAddAnotherPrimaryMemberMortgageBrokerDetails" time="59.936"/>
  <testcase classname="com.nspl.HousingInfoPageTestcase.HousingProfessional_MortgageBrokerTestScript" name="VerifySaveAndProceedSpouseMortgageBrokerDetails" time="56.910">
    <failure message="expected [Handyman Services] but found [I don’t have a Handyman Services]" type="java.lang.AssertionError">
      <![CDATA[java.lang.AssertionError: expected [Handyman Services] but found [I don’t have a Handyman Services]
at org.testng.Assert.fail(Assert.java:111)
at org.testng.Assert.failNotEquals(Assert.java:1590)
at org.testng.Assert.assertEqualsImpl(Assert.java:150)
at org.testng.Assert.assertEquals(Assert.java:132)
at org.testng.Assert.assertEquals(Assert.java:656)
at org.testng.Assert.assertEquals(Assert.java:666)
at com.nspl.agingoptions.webUtil.WebUtil.verifyInnerText(WebUtil.java:262)
at com.Ao.HousingPage.HousingProfessionalDetailsPage.VerifyHandymanProfessional(HousingProfessionalDetailsPage.java:53)
at com.Ao.HousingPage.HousingProfessionalDetailsPage.SaveAndProceedSpouseMortgageDetails(HousingProfessionalDetailsPage.java:312)
at com.nspl.HousingInfoPageTestcase.HousingProfessional_MortgageBrokerTestScript.VerifySaveAndProceedSpouseMortgageBrokerDetails(HousingProfessional_MortgageBrokerTestScript.java:118)
at java.base/jdk.internal.reflect.DirectMethodHandleAccessor.invoke(DirectMethodHandleAccessor.java:103)
at java.base/java.lang.reflect.Method.invoke(Method.java:580)
at org.testng.internal.invokers.MethodInvocationHelper.invokeMethod(MethodInvocationHelper.java:141)
at org.testng.internal.invokers.TestInvoker.invokeMethod(TestInvoker.java:687)
at org.testng.internal.invokers.TestInvoker.retryFailed(TestInvoker.java:269)
at org.testng.internal.invokers.MethodRunner.runInSequence(MethodRunner.java:76)
at org.testng.internal.invokers.TestInvoker$MethodInvocationAgent.invoke(TestInvoker.java:995)
at org.testng.internal.invokers.TestInvoker.invokeTestMethods(TestInvoker.java:203)
at org.testng.internal.invokers.TestMethodWorker.invokeTestMethods(TestMethodWorker.java:154)
at org.testng.internal.invokers.TestMethodWorker.run(TestMethodWorker.java:134)
at java.base/java.util.ArrayList.forEach(ArrayList.java:1596)
at org.testng.TestRunner.privateRun(TestRunner.java:741)
at org.testng.TestRunner.run(TestRunner.java:616)
at org.testng.SuiteRunner.runTest(SuiteRunner.java:421)
at org.testng.SuiteRunner.runSequentially(SuiteRunner.java:413)
at org.testng.SuiteRunner.privateRun(SuiteRunner.java:373)
at org.testng.SuiteRunner.run(SuiteRunner.java:312)
at org.testng.SuiteRunnerWorker.runSuite(SuiteRunnerWorker.java:52)
at org.testng.SuiteRunnerWorker.run(SuiteRunnerWorker.java:95)
at org.testng.TestNG.runSuitesSequentially(TestNG.java:1274)
at org.testng.TestNG.runSuitesLocally(TestNG.java:1208)
at org.testng.TestNG.runSuites(TestNG.java:1112)
at org.testng.TestNG.run(TestNG.java:1079)
at org.testng.remote.AbstractRemoteTestNG.run(AbstractRemoteTestNG.java:115)
at org.testng.remote.RemoteTestNG.initAndRun(RemoteTestNG.java:293)
at org.testng.remote.RemoteTestNG.main(RemoteTestNG.java:91)
]]>
    </failure>
  </testcase> <!-- VerifySaveAndProceedSpouseMortgageBrokerDetails -->
  <testcase classname="com.nspl.HousingInfoPageTestcase.HousingProfessional_MortgageBrokerTestScript" name="verifyaddMortgageForPraimaryMember" time="57.015"/>
  <testcase classname="com.nspl.HousingInfoPageTestcase.HousingProfessional_MortgageBrokerTestScript" name="VerifySaveAndproceedPrimaryMemberMortgageBrokerDetails" time="73.643"/>
  <testcase classname="com.nspl.HousingInfoPageTestcase.HousingProfessional_MortgageBrokerTestScript" name="VerifyClickIDoNotHaveMortgageCheckBox" time="27.482"/>
  <testcase classname="com.nspl.HousingInfoPageTestcase.HousingProfessional_MortgageBrokerTestScript" name="VerifySaveAndProceedSpouseMortgageBrokerDetails" time="56.889">
    <skipped/>
  </testcase> <!-- VerifySaveAndProceedSpouseMortgageBrokerDetails -->
  <testcase classname="com.nspl.HousingInfoPageTestcase.HousingProfessional_MortgageBrokerTestScript" name="verifyMortgagePageOnHousingProfessional" time="31.524"/>
</testsuite> <!-- com.nspl.HousingInfoPageTestcase.HousingProfessional_MortgageBrokerTestScript -->
