<?xml version="1.0" encoding="UTF-8"?>
<!-- Generated by org.testng.reporters.JUnitReportReporter -->
<testsuite hostname="DESKTOP-LA6T5Q8" failures="0" tests="7" name="com.nspl.agingoptions.healthpage.testcases.MarriedUserHealthInfoTestCases" time="63.266" errors="1" timestamp="2025-03-31T23:10:43 IST" skipped="6">
  <testcase classname="com.nspl.agingoptions.healthpage.testcases.MarriedUserHealthInfoTestCases" name="beforeTest" time="63.266">
    <error message="stale element reference: stale element not found in the current frame
  (Session info: chrome=134.0.6998.178)
For documentation on this error, please visit: https://www.selenium.dev/documentation/webdriver/troubleshooting/errors#stale-element-reference-exception
Build info: version: &#039;4.16.1&#039;, revision: &#039;9b4c83354e&#039;
System info: os.name: &#039;Windows 10&#039;, os.arch: &#039;amd64&#039;, os.version: &#039;10.0&#039;, java.version: &#039;21.0.6&#039;
Driver info: org.openqa.selenium.chrome.ChromeDriver
Command: [0a7c5501cf4a3390160fcf7f0636abb5, clickElement {id=f.13C2C39AAAF4E50E7884ED1CF921BCF2.d.D98E92DD940F8B20E9A8914A6F7104C1.e.326}]
Capabilities {acceptInsecureCerts: false, browserName: chrome, browserVersion: 134.0.6998.178, chrome: {chromedriverVersion: 134.0.6998.165 (fd886e2cb29..., userDataDir: C:\Users\AO\AppData\Local\T...}, fedcm:accounts: true, goog:chromeOptions: {debuggerAddress: localhost:50686}, networkConnectionEnabled: false, pageLoadStrategy: normal, platformName: windows, proxy: Proxy(), se:cdp: ws://localhost:50686/devtoo..., se:cdpVersion: 134.0.6998.178, setWindowRect: true, strictFileInteractability: false, timeouts: {implicit: 0, pageLoad: 300000, script: 30000}, unhandledPromptBehavior: dismiss and notify, webauthn:extension:credBlob: true, webauthn:extension:largeBlob: true, webauthn:extension:minPinLength: true, webauthn:extension:prf: true, webauthn:virtualAuthenticators: true}
Element: [[ChromeDriver: chrome on windows (0a7c5501cf4a3390160fcf7f0636abb5)] -&gt; xpath: //span[@class=&#039;paraData&#039;]]
Session ID: 0a7c5501cf4a3390160fcf7f0636abb5" type="org.openqa.selenium.StaleElementReferenceException">
      <![CDATA[org.openqa.selenium.StaleElementReferenceException: stale element reference: stale element not found in the current frame
  (Session info: chrome=134.0.6998.178)
For documentation on this error, please visit: https://www.selenium.dev/documentation/webdriver/troubleshooting/errors#stale-element-reference-exception
Build info: version: '4.16.1', revision: '9b4c83354e'
System info: os.name: 'Windows 10', os.arch: 'amd64', os.version: '10.0', java.version: '21.0.6'
Driver info: org.openqa.selenium.chrome.ChromeDriver
Command: [0a7c5501cf4a3390160fcf7f0636abb5, clickElement {id=f.13C2C39AAAF4E50E7884ED1CF921BCF2.d.D98E92DD940F8B20E9A8914A6F7104C1.e.326}]
Capabilities {acceptInsecureCerts: false, browserName: chrome, browserVersion: 134.0.6998.178, chrome: {chromedriverVersion: 134.0.6998.165 (fd886e2cb29..., userDataDir: C:\Users\AO\AppData\Local\T...}, fedcm:accounts: true, goog:chromeOptions: {debuggerAddress: localhost:50686}, networkConnectionEnabled: false, pageLoadStrategy: normal, platformName: windows, proxy: Proxy(), se:cdp: ws://localhost:50686/devtoo..., se:cdpVersion: 134.0.6998.178, setWindowRect: true, strictFileInteractability: false, timeouts: {implicit: 0, pageLoad: 300000, script: 30000}, unhandledPromptBehavior: dismiss and notify, webauthn:extension:credBlob: true, webauthn:extension:largeBlob: true, webauthn:extension:minPinLength: true, webauthn:extension:prf: true, webauthn:virtualAuthenticators: true}
Element: [[ChromeDriver: chrome on windows (0a7c5501cf4a3390160fcf7f0636abb5)] -> xpath: //span[@class='paraData']]
Session ID: 0a7c5501cf4a3390160fcf7f0636abb5
at java.base/jdk.internal.reflect.DirectConstructorHandleAccessor.newInstance(DirectConstructorHandleAccessor.java:62)
at java.base/java.lang.reflect.Constructor.newInstanceWithCaller(Constructor.java:502)
at java.base/java.lang.reflect.Constructor.newInstance(Constructor.java:486)
at org.openqa.selenium.remote.codec.w3c.W3CHttpResponseCodec.createException(W3CHttpResponseCodec.java:200)
at org.openqa.selenium.remote.codec.w3c.W3CHttpResponseCodec.decode(W3CHttpResponseCodec.java:133)
at org.openqa.selenium.remote.codec.w3c.W3CHttpResponseCodec.decode(W3CHttpResponseCodec.java:52)
at org.openqa.selenium.remote.HttpCommandExecutor.execute(HttpCommandExecutor.java:191)
at org.openqa.selenium.remote.service.DriverCommandExecutor.invokeExecute(DriverCommandExecutor.java:200)
at org.openqa.selenium.remote.service.DriverCommandExecutor.execute(DriverCommandExecutor.java:175)
at org.openqa.selenium.remote.RemoteWebDriver.execute(RemoteWebDriver.java:523)
at org.openqa.selenium.remote.RemoteWebElement.execute(RemoteWebElement.java:224)
at org.openqa.selenium.remote.RemoteWebElement.click(RemoteWebElement.java:77)
at java.base/jdk.internal.reflect.DirectMethodHandleAccessor.invoke(DirectMethodHandleAccessor.java:103)
at java.base/java.lang.reflect.Method.invoke(Method.java:580)
at org.openqa.selenium.support.pagefactory.internal.LocatingElementHandler.invoke(LocatingElementHandler.java:51)
at jdk.proxy2/jdk.proxy2.$Proxy20.click(Unknown Source)
at com.nspl.agingoptions.webUtil.WebUtil.click(WebUtil.java:320)
at com.nspl.agingoptions.commoncode.CommonCode.searchUserParaGotoLPO(CommonCode.java:66)
at com.nspl.agingoptions.commoncode.CommonCode.LoginWithNewMarriedUser(CommonCode.java:126)
at com.nspl.agingoptions.webUtil.BaseTest.beforeTest(BaseTest.java:52)
at java.base/jdk.internal.reflect.DirectMethodHandleAccessor.invoke(DirectMethodHandleAccessor.java:103)
at java.base/java.lang.reflect.Method.invoke(Method.java:580)
at org.testng.internal.invokers.MethodInvocationHelper.invokeMethod(MethodInvocationHelper.java:141)
at org.testng.internal.invokers.MethodInvocationHelper.invokeMethodConsideringTimeout(MethodInvocationHelper.java:71)
at org.testng.internal.invokers.ConfigInvoker.invokeConfigurationMethod(ConfigInvoker.java:400)
at org.testng.internal.invokers.ConfigInvoker.invokeConfigurations(ConfigInvoker.java:333)
at org.testng.TestRunner.invokeTestConfigurations(TestRunner.java:657)
at org.testng.TestRunner.beforeRun(TestRunner.java:646)
at org.testng.TestRunner.run(TestRunner.java:612)
at org.testng.SuiteRunner.runTest(SuiteRunner.java:421)
at org.testng.SuiteRunner.runSequentially(SuiteRunner.java:413)
at org.testng.SuiteRunner.privateRun(SuiteRunner.java:373)
at org.testng.SuiteRunner.run(SuiteRunner.java:312)
at org.testng.SuiteRunnerWorker.runSuite(SuiteRunnerWorker.java:52)
at org.testng.SuiteRunnerWorker.run(SuiteRunnerWorker.java:95)
at org.testng.TestNG.runSuitesSequentially(TestNG.java:1274)
at org.testng.TestNG.runSuitesLocally(TestNG.java:1208)
at org.testng.TestNG.runSuites(TestNG.java:1112)
at org.testng.TestNG.run(TestNG.java:1079)
at org.testng.remote.AbstractRemoteTestNG.run(AbstractRemoteTestNG.java:115)
at org.testng.remote.RemoteTestNG.initAndRun(RemoteTestNG.java:293)
at org.testng.remote.RemoteTestNG.main(RemoteTestNG.java:91)
]]>
    </error>
  </testcase> <!-- beforeTest -->
  <testcase classname="com.nspl.agingoptions.healthpage.testcases.MarriedUserHealthInfoTestCases" name="Health_001_Personal_MedicalHistoryPage" time="0.000">
    <skipped/>
  </testcase> <!-- Health_001_Personal_MedicalHistoryPage -->
  <testcase classname="com.nspl.agingoptions.healthpage.testcases.MarriedUserHealthInfoTestCases" name="Health_002_personal_Medical_History_MedicalConditionsElementVisibility">
    <skipped/>
  </testcase> <!-- Health_002_personal_Medical_History_MedicalConditionsElementVisibility -->
  <testcase classname="com.nspl.agingoptions.healthpage.testcases.MarriedUserHealthInfoTestCases" name="Health_003_Personal_Medical_History_EnvironmentalLifeStyleFactorsElementVisibility">
    <skipped/>
  </testcase> <!-- Health_003_Personal_Medical_History_EnvironmentalLifeStyleFactorsElementVisibility -->
  <testcase classname="com.nspl.agingoptions.healthpage.testcases.MarriedUserHealthInfoTestCases" name="Health_005_personal_Medical_History_MedicalConditionElement">
    <skipped/>
  </testcase> <!-- Health_005_personal_Medical_History_MedicalConditionElement -->
  <testcase classname="com.nspl.agingoptions.healthpage.testcases.MarriedUserHealthInfoTestCases" name="Health_004_personal_Medical_History_BloodTypeSelection">
    <skipped/>
  </testcase> <!-- Health_004_personal_Medical_History_BloodTypeSelection -->
  <testcase classname="com.nspl.agingoptions.healthpage.testcases.MarriedUserHealthInfoTestCases" name="personal_Medical_History_EnvironmentalLifestyleFactorsDetails_Health_006_">
    <skipped/>
  </testcase> <!-- personal_Medical_History_EnvironmentalLifestyleFactorsDetails_Health_006_ -->
</testsuite> <!-- com.nspl.agingoptions.healthpage.testcases.MarriedUserHealthInfoTestCases -->
