<?xml version="1.0" encoding="UTF-8"?>
<!-- Generated by org.testng.reporters.JUnitXMLReporter -->
<testsuite ignored="27" hostname="DESKTOP-LA6T5Q8" failures="1" tests="7" name="Test(failed)" time="557.244" errors="0" timestamp="2025-04-14T10:40:12 IST">
  <testcase classname="com.nspl.agingoptions.healthpage.testcases.HealthInsuranceTestCases" name="TC_028PrimaryMemberAddHealthInsuranceSaveAndAddAnotherButton" time="77.438">
    <skipped/>
  </testcase> <!-- TC_028PrimaryMemberAddHealthInsuranceSaveAndAddAnotherButton -->
  <testcase classname="com.nspl.agingoptions.healthpage.testcases.HealthInsuranceTestCases" name="TC_028PrimaryMemberAddHealthInsuranceSaveAndAddAnotherButton" time="38.564"/>
  <testcase classname="com.nspl.agingoptions.financepage.testcases.RetirementTestCases" name="FT005_RetirementSaveAddAnotherButton" time="93.244"/>
  <testcase classname="com.nspl.agingoptions.financepage.testcases.RetirementTestCases" name="FT006_RetirementNextRealEstateButton" time="96.095"/>
  <testcase classname="com.nspl.agingoptions.financepage.testcases.Non_RetirementTestCases" name="FT002_Non_RetirementSaveAddAnotherButton" time="48.2">
    <skipped/>
  </testcase> <!-- FT002_Non_RetirementSaveAddAnotherButton -->
  <testcase classname="com.nspl.agingoptions.financepage.testcases.Non_RetirementTestCases" name="FT002_Non_RetirementSaveAddAnotherButton" time="48.323">
    <failure type="org.openqa.selenium.NoSuchElementException" message="no such element: Unable to locate element: {&amp;quot;method&amp;quot;:&amp;quot;xpath&amp;quot;,&amp;quot;selector&amp;quot;:&amp;quot;//ul[@id=&amp;apos;dropDownDivId&amp;apos;]/li[contains(text(),&amp;apos;Money Market fund&amp;apos;)]&amp;quot;}
  (Session info: chrome=135.0.7049.85)
For documentation on this error, please visit: https://www.selenium.dev/documentation/webdriver/troubleshooting/errors#no-such-element-exception
Build info: version: &amp;apos;4.16.1&amp;apos;, revision: &amp;apos;9b4c83354e&amp;apos;
System info: os.name: &amp;apos;Windows 10&amp;apos;, os.arch: &amp;apos;amd64&amp;apos;, os.version: &amp;apos;10.0&amp;apos;, java.version: &amp;apos;21.0.6&amp;apos;
Driver info: org.openqa.selenium.chrome.ChromeDriver
Command: [a1bbc3cc5c60a1f0495c8d149dcc24a2, findElement {using=xpath, value=//ul[@id=&amp;apos;dropDownDivId&amp;apos;]/li[contains(text(),&amp;apos;Money Market fund&amp;apos;)]}]
Capabilities {acceptInsecureCerts: false, browserName: chrome, browserVersion: 135.0.7049.85, chrome: {chromedriverVersion: 135.0.7049.84 (6c019e560019..., userDataDir: C:\Users\AO\AppData\Local\T...}, fedcm:accounts: true, goog:chromeOptions: {debuggerAddress: localhost:56339}, networkConnectionEnabled: false, pageLoadStrategy: normal, platformName: windows, proxy: Proxy(), se:cdp: ws://localhost:56339/devtoo..., se:cdpVersion: 135.0.7049.85, setWindowRect: true, strictFileInteractability: false, timeouts: {implicit: 0, pageLoad: 300000, script: 30000}, unhandledPromptBehavior: dismiss and notify, webauthn:extension:credBlob: true, webauthn:extension:largeBlob: true, webauthn:extension:minPinLength: true, webauthn:extension:prf: true, webauthn:virtualAuthenticators: true}
Session ID: a1bbc3cc5c60a1f0495c8d149dcc24a2">
      <![CDATA[org.openqa.selenium.NoSuchElementException: no such element: Unable to locate element: {"method":"xpath","selector":"//ul[@id='dropDownDivId']/li[contains(text(),'Money Market fund')]"}
  (Session info: chrome=135.0.7049.85)
For documentation on this error, please visit: https://www.selenium.dev/documentation/webdriver/troubleshooting/errors#no-such-element-exception
Build info: version: '4.16.1', revision: '9b4c83354e'
System info: os.name: 'Windows 10', os.arch: 'amd64', os.version: '10.0', java.version: '21.0.6'
Driver info: org.openqa.selenium.chrome.ChromeDriver
Command: [a1bbc3cc5c60a1f0495c8d149dcc24a2, findElement {using=xpath, value=//ul[@id='dropDownDivId']/li[contains(text(),'Money Market fund')]}]
Capabilities {acceptInsecureCerts: false, browserName: chrome, browserVersion: 135.0.7049.85, chrome: {chromedriverVersion: 135.0.7049.84 (6c019e560019..., userDataDir: C:\Users\AO\AppData\Local\T...}, fedcm:accounts: true, goog:chromeOptions: {debuggerAddress: localhost:56339}, networkConnectionEnabled: false, pageLoadStrategy: normal, platformName: windows, proxy: Proxy(), se:cdp: ws://localhost:56339/devtoo..., se:cdpVersion: 135.0.7049.85, setWindowRect: true, strictFileInteractability: false, timeouts: {implicit: 0, pageLoad: 300000, script: 30000}, unhandledPromptBehavior: dismiss and notify, webauthn:extension:credBlob: true, webauthn:extension:largeBlob: true, webauthn:extension:minPinLength: true, webauthn:extension:prf: true, webauthn:virtualAuthenticators: true}
Session ID: a1bbc3cc5c60a1f0495c8d149dcc24a2
at org.openqa.selenium.remote.codec.w3c.W3CHttpResponseCodec.createException(W3CHttpResponseCodec.java:200)
at org.openqa.selenium.remote.codec.w3c.W3CHttpResponseCodec.decode(W3CHttpResponseCodec.java:133)
at org.openqa.selenium.remote.codec.w3c.W3CHttpResponseCodec.decode(W3CHttpResponseCodec.java:52)
at org.openqa.selenium.remote.HttpCommandExecutor.execute(HttpCommandExecutor.java:191)
at org.openqa.selenium.remote.service.DriverCommandExecutor.invokeExecute(DriverCommandExecutor.java:200)
at org.openqa.selenium.remote.service.DriverCommandExecutor.execute(DriverCommandExecutor.java:175)
at org.openqa.selenium.remote.RemoteWebDriver.execute(RemoteWebDriver.java:523)
at org.openqa.selenium.remote.ElementLocation$ElementFinder$2.findElement(ElementLocation.java:165)
at org.openqa.selenium.remote.ElementLocation.findElement(ElementLocation.java:59)
at org.openqa.selenium.remote.RemoteWebDriver.findElement(RemoteWebDriver.java:360)
at org.openqa.selenium.remote.RemoteWebDriver.findElement(RemoteWebDriver.java:354)
at org.openqa.selenium.support.pagefactory.DefaultElementLocator.findElement(DefaultElementLocator.java:68)
at org.openqa.selenium.support.pagefactory.internal.LocatingElementHandler.invoke(LocatingElementHandler.java:38)
at jdk.proxy2/jdk.proxy2.$Proxy20.click(Unknown Source)
at com.nspl.agingoptions.webUtil.WebUtil.click(WebUtil.java:329)
at com.agingoptions.finance.Non_Retirement_And_RetirementPage.selectMoneyMarketFundAssets(Non_Retirement_And_RetirementPage.java:217)
at com.nspl.agingoptions.financepage.testcases.Non_RetirementTestCases.FT002_Non_RetirementSaveAddAnotherButton(Non_RetirementTestCases.java:109)
at java.base/java.util.ArrayList.forEach(ArrayList.java:1596)
... Removed 28 stack frames]]>
    </failure>
  </testcase> <!-- FT002_Non_RetirementSaveAddAnotherButton -->
  <testcase classname="com.nspl.agingoptions.healthpage.testcases.SpecialistTestCases" name="TC_021_PrimaryMemberSpecialistSaveDetailsSaveContinueLaterButton" time="77.418"/>
  <testcase classname="com.nspl.agingoptions.healthpage.testcases.HealthInsuranceTestCases" name="TC_030SpouseAddHealthInsuranceSaveAndContinueLaterButton" time="0.0">
    <ignored/>
  </testcase> <!-- TC_030SpouseAddHealthInsuranceSaveAndContinueLaterButton -->
  <testcase classname="com.nspl.agingoptions.healthpage.testcases.SpecialistTestCases" name="TC_025_SpouseSpecialistSaveDetailsSaveAndAddAnotherButton" time="0.0">
    <ignored/>
  </testcase> <!-- TC_025_SpouseSpecialistSaveDetailsSaveAndAddAnotherButton -->
  <testcase classname="com.nspl.agingoptions.healthpage.testcases.HealthInsuranceTestCases" name="TC_031SpouseAddHealthInsuranceSaveAndAddAnotherButton" time="0.0">
    <ignored/>
  </testcase> <!-- TC_031SpouseAddHealthInsuranceSaveAndAddAnotherButton -->
  <testcase classname="com.nspl.agingoptions.healthpage.testcases.HealthInsuranceTestCases" name="TC_032SpouseAddHealthInsuranceSaveAndProccedToMedicationButton" time="0.0">
    <ignored/>
  </testcase> <!-- TC_032SpouseAddHealthInsuranceSaveAndProccedToMedicationButton -->
  <testcase classname="com.nspl.agingoptions.healthpage.testcases.HealthInsuranceTestCases" name="TC_027PrimaryMemberAddHealthInsuranceSaveAndContinueLaterButtonSameAsSpouse" time="0.0">
    <ignored/>
  </testcase> <!-- TC_027PrimaryMemberAddHealthInsuranceSaveAndContinueLaterButtonSameAsSpouse -->
  <testcase classname="com.nspl.agingoptions.webUtil.BaseTest" name="@BeforeSuite beforeSuite" time="0.0">
    <ignored/>
  </testcase> <!-- @BeforeSuite beforeSuite -->
  <testcase classname="com.nspl.agingoptions.webUtil.BaseTest" name="@AfterSuite afterSuite" time="0.0">
    <ignored/>
  </testcase> <!-- @AfterSuite afterSuite -->
  <testcase classname="com.nspl.agingoptions.webUtil.BaseTest" name="@BeforeSuite beforeSuite" time="0.0">
    <ignored/>
  </testcase> <!-- @BeforeSuite beforeSuite -->
  <testcase classname="com.nspl.agingoptions.webUtil.BaseTest" name="@AfterTest afterTest" time="0.0">
    <ignored/>
  </testcase> <!-- @AfterTest afterTest -->
  <testcase classname="com.nspl.agingoptions.financepage.testcases.RetirementTestCases" name="FT004_RetirementSaveContinueLaterButton" time="0.0">
    <ignored/>
  </testcase> <!-- FT004_RetirementSaveContinueLaterButton -->
  <testcase classname="com.nspl.agingoptions.healthpage.testcases.SpecialistTestCases" name="TC_023_PrimarySpecialistSaveDetailsSaveAndAddAnotherButtonAndSameAsSpouse" time="0.0">
    <ignored/>
  </testcase> <!-- TC_023_PrimarySpecialistSaveDetailsSaveAndAddAnotherButtonAndSameAsSpouse -->
  <testcase classname="com.nspl.agingoptions.financepage.testcases.Non_RetirementTestCases" name="FT001_Non_RetirementSaveContinueLaterButton" time="0.0">
    <ignored/>
  </testcase> <!-- FT001_Non_RetirementSaveContinueLaterButton -->
  <testcase classname="com.nspl.agingoptions.healthpage.testcases.SpecialistTestCases" name="TC_019_PrimaryMemberSpecialistIDontHave" time="0.0">
    <ignored/>
  </testcase> <!-- TC_019_PrimaryMemberSpecialistIDontHave -->
  <testcase classname="com.nspl.agingoptions.webUtil.BaseTest" name="@AfterTest afterTest" time="0.0">
    <ignored/>
  </testcase> <!-- @AfterTest afterTest -->
  <testcase classname="com.nspl.agingoptions.webUtil.BaseTest" name="@BeforeTest beforeTest" time="0.0">
    <ignored/>
  </testcase> <!-- @BeforeTest beforeTest -->
  <testcase classname="com.nspl.agingoptions.healthpage.testcases.HealthInsuranceTestCases" name="TC_029PrimaryMemberAddHealthInsuranceSaveAndProceedToSpouseButton" time="0.0">
    <ignored/>
  </testcase> <!-- TC_029PrimaryMemberAddHealthInsuranceSaveAndProceedToSpouseButton -->
  <testcase classname="com.nspl.agingoptions.healthpage.testcases.SpecialistTestCases" name="TC_022_SpouseSpecialistSaveDetailsSaveAndContinueButton" time="0.0">
    <ignored/>
  </testcase> <!-- TC_022_SpouseSpecialistSaveDetailsSaveAndContinueButton -->
  <testcase classname="com.nspl.agingoptions.healthpage.testcases.SpecialistTestCases" name="TC_024_PrimaryMemberSpecialistSaveDetailsSaveAndProceedToSpouseButton" time="0.0">
    <ignored/>
  </testcase> <!-- TC_024_PrimaryMemberSpecialistSaveDetailsSaveAndProceedToSpouseButton -->
  <testcase classname="com.nspl.agingoptions.webUtil.BaseTest" name="@AfterTest afterTest" time="0.0">
    <ignored/>
  </testcase> <!-- @AfterTest afterTest -->
  <testcase classname="com.nspl.agingoptions.webUtil.BaseTest" name="@BeforeTest beforeTest" time="0.0">
    <ignored/>
  </testcase> <!-- @BeforeTest beforeTest -->
  <testcase classname="com.nspl.agingoptions.webUtil.BaseTest" name="@BeforeSuite beforeSuite" time="0.0">
    <ignored/>
  </testcase> <!-- @BeforeSuite beforeSuite -->
  <testcase classname="com.nspl.agingoptions.financepage.testcases.Non_RetirementTestCases" name="FT_003Non_RetirementSaveAddProceedToRetirementButton" time="0.0">
    <ignored/>
  </testcase> <!-- FT_003Non_RetirementSaveAddProceedToRetirementButton -->
  <testcase classname="com.nspl.agingoptions.webUtil.BaseTest" name="@BeforeTest beforeTest" time="0.0">
    <ignored/>
  </testcase> <!-- @BeforeTest beforeTest -->
  <testcase classname="com.nspl.agingoptions.webUtil.BaseTest" name="@AfterSuite afterSuite" time="0.0">
    <ignored/>
  </testcase> <!-- @AfterSuite afterSuite -->
  <testcase classname="com.nspl.agingoptions.healthpage.testcases.SpecialistTestCases" name="TC_020_SpouseSpecialistIDontHave" time="0.0">
    <ignored/>
  </testcase> <!-- TC_020_SpouseSpecialistIDontHave -->
  <testcase classname="com.nspl.agingoptions.healthpage.testcases.SpecialistTestCases" name="TC_026_SpouseSpecialistSaveDetailsSaveAndProceedToHealthInsurance" time="0.0">
    <ignored/>
  </testcase> <!-- TC_026_SpouseSpecialistSaveDetailsSaveAndProceedToHealthInsurance -->
  <testcase classname="com.nspl.agingoptions.webUtil.BaseTest" name="@AfterSuite afterSuite" time="0.0">
    <ignored/>
  </testcase> <!-- @AfterSuite afterSuite -->
</testsuite> <!-- Test(failed) -->
